stderr: stderr: TypeError: fetch failed
    at node:internal/deps/undici/undici:13178:13
    at process.processTicksAndRejections (node:internal/process/task_queues:95:5)
    at async fetchAndParseTransactions (/Users/erfanesfahanian/WebstormProjects/walletwithfront/index.js:274:24)
    at async getTransactions (/Users/erfanesfahanian/WebstormProjects/walletwithfront/index.js:475:3)
    at async main (/Users/erfanesfahanian/WebstormProjects/walletwithfront/index.js:645:7) {
  [cause]: ConnectTimeoutError: Connect Timeout Error (attempted addresses: 188.114.99.0:443)
      at onConnectTimeout (node:internal/deps/undici/undici:2331:28)
      at node:internal/deps/undici/undici:2283:50
      at Immediate._onImmediate (node:internal/deps/undici/undici:2315:13)
      at process.processImmediate (node:internal/timers:483:21) {
    code: 'UND_ERR_CONNECT_TIMEOUT'
  }
}

stderr: TypeError: terminated
    at Fetch.onAborted (node:internal/deps/undici/undici:10815:53)
    at Fetch.emit (node:events:520:28)
    at Fetch.terminate (node:internal/deps/undici/undici:9973:14)
    at Object.onError (node:internal/deps/undici/undici:10927:38)
    at Request.onError (node:internal/deps/undici/undici:2079:31)
    at Object.errorRequest (node:internal/deps/undici/undici:1576:17)
    at TLSSocket.<anonymous> (node:internal/deps/undici/undici:6045:16)
    at TLSSocket.emit (node:events:532:35)
    at node:net:337:12
    at TCP.done (node:_tls_wrap:650:7) {
  [cause]: Error: read ECONNRESET
      at TLSWrap.onStreamRead (node:internal/stream_base_commons:218:20) {
    errno: -54,
    code: 'ECONNRESET',
    syscall: 'read'
  }
}

stderr: TypeError: fetch failed
    at node:internal/deps/undici/undici:13178:13
    at async fetchAndParseTransactions (/Users/erfanesfahanian/WebstormProjects/walletwithfront/index.js:274:24)
    at async getTransactions (/Users/erfanesfahanian/WebstormProjects/walletwithfront/index.js:475:3)
    at async main (/Users/erfanesfahanian/WebstormProjects/walletwithfront/index.js:645:7) {
  [cause]: SocketError: other side closed
      at TLSSocket.<anonymous> (node:internal/deps/undici/undici:6020:28)
      at TLSSocket.emit (node:events:532:35)
      at endReadableNT (node:internal/streams/readable:1696:12)
      at process.processTicksAndRejections (node:internal/process/task_queues:82:21) {
    code: 'UND_ERR_SOCKET',
    socket: {
      localAddress: '192.168.1.50',
      localPort: 52148,
      remoteAddress: '188.114.99.0',
      remotePort: 443,
      remoteFamily: 'IPv4',
      timeout: undefined,
      bytesWritten: 288,
      bytesRead: 0
    }
  }
}

stderr: TypeError: fetch failed
    at node:internal/deps/undici/undici:13178:13
    at process.processTicksAndRejections (node:internal/process/task_queues:95:5)
    at async fetchAndParseTransactions (/Users/erfanesfahanian/WebstormProjects/walletwithfront/index.js:274:24)
    at async getTransactions (/Users/erfanesfahanian/WebstormProjects/walletwithfront/index.js:475:3)
    at async main (/Users/erfanesfahanian/WebstormProjects/walletwithfront/index.js:645:7) {
  [cause]: ConnectTimeoutError: Connect Timeout Error (attempted addresses: 188.114.99.0:443)
      at onConnectTimeout (node:internal/deps/undici/undici:2331:28)
      at node:internal/deps/undici/undici:2283:50
      at Immediate._onImmediate (node:internal/deps/undici/undici:2315:13)
      at process.processImmediate (node:internal/timers:483:21) {
    code: 'UND_ERR_CONNECT_TIMEOUT'
  }
}

stderr: TypeError: fetch failed
    at node:internal/deps/undici/undici:13178:13
    at async fetchAndParseTransactions (/Users/erfanesfahanian/WebstormProjects/walletwithfront/index.js:274:24)
    at async getTransactions (/Users/erfanesfahanian/WebstormProjects/walletwithfront/index.js:475:3)
    at async main (/Users/erfanesfahanian/WebstormProjects/walletwithfront/index.js:645:7) {
  [cause]: SocketError: other side closed
      at TLSSocket.<anonymous> (node:internal/deps/undici/undici:6020:28)
      at TLSSocket.emit (node:events:532:35)
      at endReadableNT (node:internal/streams/readable:1696:12)
      at process.processTicksAndRejections (node:internal/process/task_queues:82:21) {
    code: 'UND_ERR_SOCKET',
    socket: {
      localAddress: '192.168.1.50',
      localPort: 52172,
      remoteAddress: '188.114.99.0',
      remotePort: 443,
      remoteFamily: 'IPv4',
      timeout: undefined,
      bytesWritten: 288,
      bytesRead: 0
    }
  }
}

stderr: TypeError: fetch failed
    at node:internal/deps/undici/undici:13178:13
    at async fetchAndParseTransactions (/Users/erfanesfahanian/WebstormProjects/walletwithfront/index.js:274:24)
    at async getTransactions (/Users/erfanesfahanian/WebstormProjects/walletwithfront/index.js:475:3)
    at async main (/Users/erfanesfahanian/WebstormProjects/walletwithfront/index.js:645:7) {
  [cause]: SocketError: other side closed
      at TLSSocket.<anonymous> (node:internal/deps/undici/undici:6020:28)
      at TLSSocket.emit (node:events:532:35)
      at endReadableNT (node:internal/streams/readable:1696:12)
      at process.processTicksAndRejections (node:internal/process/task_queues:82:21) {
    code: 'UND_ERR_SOCKET',
    socket: {
      localAddress: '192.168.1.50',
      localPort: 52182,
      remoteAddress: '188.114.99.0',
      remotePort: 443,
      remoteFamily: 'IPv4',
      timeout: undefined,
      bytesWritten: 288,
      bytesRead: 0
    }
  }
}


stdout: Processing wallet (group 24): APNgihCKEmLPRHAg75oFZF56Zim1A4N2N64ceKwVySo9
stdout: Processing wallet address: APNgihCKEmLPRHAg75oFZF56Zim1A4N2N64ceKwVySo9
No more transactions available.
{}
{}
Total Transaction: 0
Win Rate: 0% (0/0)
Total PnL: 0.00$

Processing wallet (group 24): sCMNrLxCr3k6mYrvQ4FTZ3bZm9f7S1hmkrBUHqKcKiA
stdout: Processing wallet address: sCMNrLxCr3k6mYrvQ4FTZ3bZm9f7S1hmkrBUHqKcKiA
{
  boo: [
    {
      timestamp: 1723966140,
      token_amount: 44397236.282816,
      amount: 1.878196102,
      usdBalance: 260.0588256828614,
      sp: 1
    }
  ],
  '$MUD': [
    {
      timestamp: 1723874400,
      token_amount: 6290787.010385,
      amount: 3.185445891,
      usdBalance: 441.06327172526323,
      sp: 1
    }
  ],
  ZORP: [
    {
      timestamp: 1723873620,
      token_amount: 5322561.222598,
      amount: 1.832803517,
      usdBalance: 253.7736766841817,
      sp: 1
    },
    {
      timestamp: 1723834320,
      token_amount: 7430925.14374,
      amount: 5,
      usdBalance: 692.3100985193649,
      sp: -1
    }
  ],
  KGB: [
    {
      timestamp: 1723785900,
      token_amount: 6144558.859865,
      amount: 0.551872106,
      usdBalance: 76.41332641498988,
      sp: 1
    }
  ],
  goodbye: [
    {
      timestamp: 1723753500,
      token_amount: 7514644.399164,
      amount: 1.878317647,
      usdBalance: 260.07565504904636,
      sp: 1
    }
  ],
  '?': [
    {
      timestamp: 1723706640,
      token_amount: 12848243.556719,
      amount: 3.010274614,
      usdBalance: 416.80870291773664,
      sp: 1
    },
    {
      timestamp: 1723704300,
      token_amount: 12978023.794665,
      amount: 2,
      usdBalance: 276.92403940774597,
      sp: -1
    }
  ],
  milk: [
    {
      timestamp: 1723652700,
      token_amount: 2461239.149732,
      amount: 0.710430444,
      usdBalance: 98.36763413535922,
      sp: 1
    },
    {
      timestamp: 1723643880,
      token_amount: 2487423.060279,
      amount: 1.3,
      usdBalance: 180.0006256150349,
      sp: -1
    }
  ],
  coby: [
    {
      timestamp: 1723586700,
      token_amount: 677476.950066,
      amount: 11.522399084,
      usdBalance: 1595.414649004696,
      sp: 1
    },
    {
      timestamp: 1723527480,
      token_amount: 684320.151581,
      amount: 13,
      usdBalance: 1800.0062561503487,
      sp: -1
    },
    {
      timestamp: 1723459320,
      token_amount: 304584.546152,
      amount: 1.421890797,
      usdBalance: 196.87787155096967,
      sp: 1
    },
    {
      timestamp: 1723454640,
      token_amount: 1232027.287012,
      amount: 9,
      usdBalance: 1246.1581773348569,
      sp: -1
    }
  ],
  hana: [
    {
      timestamp: 1723570500,
      token_amount: 3255801.719578,
      amount: 0.7,
      usdBalance: 96.92341379271109,
      sp: -1
    }
  ],
  ZAP: [
    {
      timestamp: 1723492440,
      token_amount: 25050723.459494,
      amount: 18.388812291,
      usdBalance: 2546.152089767264,
      sp: 1
    },
    {
      timestamp: 1723487880,
      token_amount: 3124687.956913,
      amount: 5,
      usdBalance: 692.3100985193649,
      sp: -1
    },
    {
      timestamp: 1723486920,
      token_amount: 4602638.074526,
      amount: 5,
      usdBalance: 692.3100985193649,
      sp: -1
    },
    {
      timestamp: 1723486320,
      token_amount: 7599319.682325,
      amount: 5,
      usdBalance: 692.3100985193649,
      sp: -1
    },
    {
      timestamp: 1723486200,
      token_amount: 9977341.810505,
      amount: 4,
      usdBalance: 553.8480788154919,
      sp: -1
    }
  ],
  WWNF: [
    {
      timestamp: 1723477320,
      token_amount: 5532946.997228,
      amount: 4.156093401,
      usdBalance: 575.4610863803985,
      sp: 1
    },
    {
      timestamp: 1723476960,
      token_amount: 5588600.069543,
      amount: 4.5,
      usdBalance: 623.0790886674284,
      sp: -1
    }
  ],
  Garry: [
    {
      timestamp: 1723459560,
      token_amount: 2633420.993605,
      amount: 1.105517397,
      usdBalance: 153.07217160638837,
      sp: 1
    }
  ],
  CTO: [
    {
      timestamp: 1723425240,
      token_amount: 30302384.109093,
      amount: 4.241465405,
      usdBalance: 587.2818664804056,
      sp: 1
    }
  ],
  croc: [
    {
      timestamp: 1723402140,
      token_amount: 1278669.451428,
      amount: 1.846487719,
      usdBalance: 255.66841893113747,
      sp: 1
    },
    {
      timestamp: 1723374240,
      token_amount: 1291585.304472,
      amount: 2,
      usdBalance: 276.92403940774597,
      sp: -1
    }
  ],
  RTG: [
    {
      timestamp: 1723238880,
      token_amount: 7640176.571314,
      amount: 8.122458661,
      usdBalance: 1124.6520311632758,
      sp: 1
    }
  ],
  DIK: [
    {
      timestamp: 1723228620,
      token_amount: 495231.518198,
      amount: 5.701134832,
      usdBalance: 789.3906434428206,
      sp: 1
    },
    {
      timestamp: 1723228020,
      token_amount: 500250.139385,
      amount: 7,
      usdBalance: 969.2341379271109,
      sp: -1
    }
  ],
  '$NIGGA': [
    {
      timestamp: 1723228020,
      token_amount: 41377421.146754,
      amount: 5.99151701,
      usdBalance: 829.5975462947101,
      sp: 1
    }
  ]
}
{
  boo: 260.0588256828614,
  '$MUD': 441.06327172526323,
  ZORP: -242.108439353065,
  KGB: 76.41332641498988,
  goodbye: 260.07565504904636,
  '?': 142.6539039040543,
  milk: -79.73821115268962,
  coby: 573.9227910456673,
  hana: -96.92341379271109,
  ZAP: -28.512755174405243,
  WWNF: -41.413180838353924,
  Garry: 153.07217160638837,
  CTO: 587.2818664804056,
  croc: -18.486380082685343,
  RTG: 1124.6520311632758,
  DIK: -170.11992102213242,
  '$NIGGA': 829.5975462947101
}
Total Transaction: 30
Win Rate: 5.9% (1/17)
Total PnL: 3771.49$

Processing wallet (group 24): HSZgu3gnGv5ujbr1DbahSMcGfwbq8hti3CAs2ruLAXQH
stdout: Processing wallet address: HSZgu3gnGv5ujbr1DbahSMcGfwbq8hti3CAs2ruLAXQH
{}
{}
Total Transaction: 0
Win Rate: 0% (0/0)
Total PnL: 0.00$

Processing wallet (group 24): Cfqgvh91MeFeE8FocNyRhF2n45Z7y42aS6bFiipAqZw2
stdout: Processing wallet address: Cfqgvh91MeFeE8FocNyRhF2n45Z7y42aS6bFiipAqZw2
{
  STEVE: [
    {
      timestamp: 1724015520,
      token_amount: 12669340.547127,
      amount: 5.706071578,
      usdBalance: 790.0741952647456,
      sp: 1
    },
    {
      timestamp: 1724014680,
      token_amount: 12669340.547127,
      amount: 4.95,
      usdBalance: 685.3869975341713,
      sp: -1
    }
  ],
  potuck: [
    {
      timestamp: 1724006340,
      token_amount: 9138199.160587,
      amount: 3.162439376,
      usdBalance: 437.87774319201577,
      sp: 1
    }
  ],
  catan: [
    {
      timestamp: 1723993140,
      token_amount: 22645097.046089184,
      amount: 3.131793102,
      usdBalance: 433.6343981975775,
      sp: 1
    }
  ],
  wii: [
    {
      timestamp: 1723986420,
      token_amount: 10387560.322666,
      amount: 2.239781896,
      usdBalance: 310.12472501633,
      sp: 1
    },
    {
      timestamp: 1723985700,
      token_amount: 10387560.322666,
      amount: 3.96,
      usdBalance: 548.309598027337,
      sp: -1
    },
    {
      timestamp: 1723985640,
      token_amount: 9080420.997313,
      amount: 4.082046572,
      usdBalance: 565.2084128843912,
      sp: 1
    },
    {
      timestamp: 1723985340,
      token_amount: 9080420.997313,
      amount: 4.95,
      usdBalance: 685.3869975341713,
      sp: -1
    }
  ],
  NUN: [
    {
      timestamp: 1723983420,
      token_amount: 10594396.546272,
      amount: 2.67528318,
      usdBalance: 370.4251123826,
      sp: 1
    },
    {
      timestamp: 1723983300,
      token_amount: 10594396.546272,
      amount: 4.95,
      usdBalance: 685.3869975341713,
      sp: -1
    }
  ],
  xDog: [
    {
      timestamp: 1723975980,
      token_amount: 12428149.126628,
      amount: 5.586061946,
      usdBalance: 773.4574192341071,
      sp: 1
    },
    {
      timestamp: 1723975560,
      token_amount: 12428149.126628,
      amount: 4.95,
      usdBalance: 685.3869975341713,
      sp: -1
    },
    {
      timestamp: 1723975560,
      token_amount: 11642511.704605,
      amount: 3.863349437,
      usdBalance: 534.9271658688406,
      sp: 1
    },
    {
      timestamp: 1723974840,
      token_amount: 11642511.704605,
      amount: 4.95,
      usdBalance: 685.3869975341713,
      sp: -1
    }
  ],
  'an/4dog': [
    {
      timestamp: 1723935660,
      token_amount: 13731705.52275,
      amount: 2.001107082,
      usdBalance: 277.0773282174438,
      sp: 1
    }
  ],
  'r/snoofi': [
    {
      timestamp: 1723933560,
      token_amount: 9979096.506874,
      amount: 19.748580675,
      usdBalance: 2734.428366545375,
      sp: 1
    },
    {
      timestamp: 1723933380,
      token_amount: 9979096.506874,
      amount: 4.95,
      usdBalance: 685.3869975341713,
      sp: -1
    }
  ],
  DL: [
    {
      timestamp: 1723923000,
      token_amount: 7406193.690567,
      amount: 1.497923285,
      usdBalance: 207.40548340256015,
      sp: 1
    }
  ],
  Kamu: [
    {
      timestamp: 1723915920,
      token_amount: 3886301.1693,
      amount: 3.172893897,
      usdBalance: 439.3252972847123,
      sp: 1
    },
    {
      timestamp: 1723914840,
      token_amount: 3886301.1693,
      amount: 3.96,
      usdBalance: 548.309598027337,
      sp: -1
    }
  ],
  cacti: [
    {
      timestamp: 1723913940,
      token_amount: 6697870.258642,
      amount: 0.127254406,
      usdBalance: 17.61990207097665,
      sp: 1
    },
    {
      timestamp: 1723642500,
      token_amount: 6697870.258642,
      amount: 1.98,
      usdBalance: 274.1547990136685,
      sp: -1
    }
  ],
  '$twins': [
    {
      timestamp: 1723913940,
      token_amount: 8288250.094871,
      amount: 0.14407511,
      usdBalance: 19.948930719657668,
      sp: 1
    }
  ],
  pug: [
    {
      timestamp: 1723837860,
      token_amount: 9259959.435703,
      amount: 0.306605072,
      usdBalance: 42.453157520571395,
      sp: 1
    },
    {
      timestamp: 1723813320,
      token_amount: 4119587.420727,
      amount: 0.99,
      usdBalance: 137.07739950683424,
      sp: -1
    }
  ],
  LUMA: [
    {
      timestamp: 1723837860,
      token_amount: 2090920.128021,
      amount: 1.328098692,
      usdBalance: 183.89122726039193,
      sp: 1
    }
  ],
  ZORP: [
    {
      timestamp: 1723825860,
      token_amount: 9152792.472248,
      amount: 2.201048727,
      usdBalance: 304.76165220705855,
      sp: 1
    }
  ],
  saca: [
    {
      timestamp: 1723791600,
      token_amount: 7106085.057996,
      amount: 1.98,
      usdBalance: 274.1547990136685,
      sp: -1
    }
  ],
  Gracie: [
    {
      timestamp: 1723761000,
      token_amount: 854364.023637,
      amount: 0.637811171,
      usdBalance: 88.31262292635229,
      sp: 1
    }
  ],
  OP_CAT: [
    {
      timestamp: 1723759920,
      token_amount: 6179241.01376,
      amount: 1.98,
      usdBalance: 274.1547990136685,
      sp: -1
    }
  ],
  Anna: [
    {
      timestamp: 1723746960,
      token_amount: 6492934.356057,
      amount: 1.043581186,
      usdBalance: 144.49635873852313,
      sp: 1
    }
  ],
  feg: [
    {
      timestamp: 1723728000,
      token_amount: 9119820.413412,
      amount: 2.554737093,
      usdBalance: 353.7340577091812,
      sp: 1
    }
  ],
  boo: [
    {
      timestamp: 1723708740,
      token_amount: 17978142.473192,
      amount: 3.301991195,
      usdBalance: 457.20036990410506,
      sp: 1
    }
  ],
  TOD: [
    {
      timestamp: 1723676760,
      token_amount: 11049340.566149,
      amount: 6.639921145,
      usdBalance: 919.3768924111528,
      sp: 1
    }
  ],
  MGS: [
    {
      timestamp: 1723667280,
      token_amount: 13643622.072871,
      amount: 4.033353964,
      usdBalance: 558.4663360360622,
      sp: 1
    }
  ],
  OMYWFYB: [
    {
      timestamp: 1723665900,
      token_amount: 7965490.685351,
      amount: 0.719903671,
      usdBalance: 99.67931627889249,
      sp: 1
    },
    {
      timestamp: 1723665780,
      token_amount: 7965490.685351,
      amount: 1.98,
      usdBalance: 274.1547990136685,
      sp: -1
    }
  ],
  CHAPPY: [
    {
      timestamp: 1723665540,
      token_amount: 7268383.507695,
      amount: 0.774060791,
      usdBalance: 107.17802049543751,
      sp: 1
    },
    {
      timestamp: 1723665540,
      token_amount: 7268383.507695,
      amount: 1.98,
      usdBalance: 274.1547990136685,
      sp: -1
    }
  ],
  gDOG: [
    {
      timestamp: 1723665180,
      token_amount: 14326799.540576,
      amount: 1.382718455,
      usdBalance: 191.45398996111882,
      sp: 1
    },
    {
      timestamp: 1723663800,
      token_amount: 14326799.540576,
      amount: 1.98,
      usdBalance: 274.1547990136685,
      sp: -1
    },
    {
      timestamp: 1723663620,
      token_amount: 8335460.154837,
      amount: 1.578067034,
      usdBalance: 218.5023487557404,
      sp: 1
    },
    {
      timestamp: 1723663320,
      token_amount: 8335460.154837,
      amount: 1.98,
      usdBalance: 274.1547990136685,
      sp: -1
    },
    {
      timestamp: 1723662780,
      token_amount: 14892743.863236,
      amount: 4.462871305,
      usdBalance: 617.9381745687593,
      sp: 1
    }
  ],
  boohoo: [
    {
      timestamp: 1723648980,
      token_amount: 3749100.550714,
      amount: 2.59275954,
      usdBalance: 358.9987225148846,
      sp: 1
    },
    {
      timestamp: 1723648740,
      token_amount: 3749100.550714,
      amount: 1.98,
      usdBalance: 274.1547990136685,
      sp: -1
    }
  ],
  yay: [
    {
      timestamp: 1723616460,
      token_amount: 2164936.563902,
      amount: 2.351047074,
      usdBalance: 325.5307262849209,
      sp: 1
    },
    {
      timestamp: 1723615260,
      token_amount: 2164936.563902,
      amount: 1.98,
      usdBalance: 274.1547990136685,
      sp: -1
    }
  ],
  ORANGE: [
    {
      timestamp: 1723528380,
      token_amount: 3962556.26287,
      amount: 2.202614667,
      usdBalance: 304.97847542219364,
      sp: 1
    },
    {
      timestamp: 1723527000,
      token_amount: 3962556.26287,
      amount: 0.99,
      usdBalance: 137.07739950683424,
      sp: -1
    }
  ],
  Beni: [
    {
      timestamp: 1723499220,
      token_amount: 4534032.756954,
      amount: 0.112520499,
      usdBalance: 15.57981554962762,
      sp: 1
    }
  ],
  emi: [
    {
      timestamp: 1723499220,
      token_amount: 6222529.948584,
      amount: 0.117838737,
      usdBalance: 16.316189524373506,
      sp: 1
    }
  ],
  Wifi: [
    {
      timestamp: 1723496880,
      token_amount: 8302246.278898,
      amount: 1.98,
      usdBalance: 274.1547990136685,
      sp: -1
    }
  ],
  runner: [
    {
      timestamp: 1723494480,
      token_amount: 3185150.529189,
      amount: 2.04705701,
      usdBalance: 283.4396480535713,
      sp: 1
    },
    {
      timestamp: 1723494300,
      token_amount: 3185150.529189,
      amount: 1.98,
      usdBalance: 274.1547990136685,
      sp: -1
    }
  ],
  hobo: [
    {
      timestamp: 1723478220,
      token_amount: 6221274.327047,
      amount: 0.166207083,
      usdBalance: 23.013368401269254,
      sp: 1
    }
  ],
  WWNF: [
    {
      timestamp: 1723476900,
      token_amount: 5484952.929113,
      amount: 4.133356805,
      usdBalance: 572.3129313770474,
      sp: 1
    },
    {
      timestamp: 1723476540,
      token_amount: 5484952.929113,
      amount: 1.98,
      usdBalance: 274.1547990136685,
      sp: -1
    }
  ],
  WAZZZUP: [
    {
      timestamp: 1723474680,
      token_amount: 10895336.570366,
      amount: 8.745714258,
      usdBalance: 1210.9492599156388,
      sp: 1
    }
  ],
  FC: [
    {
      timestamp: 1723470240,
      token_amount: 8419859.593524,
      amount: 0.99,
      usdBalance: 137.07739950683424,
      sp: -1
    }
  ],
  banana: [
    {
      timestamp: 1723468680,
      token_amount: 3218020.43247,
      amount: 0.822376664,
      usdBalance: 113.86793385477333,
      sp: 1
    },
    {
      timestamp: 1723468080,
      token_amount: 3218020.43247,
      amount: 1.98,
      usdBalance: 274.1547990136685,
      sp: -1
    }
  ],
  GROGWIF: [
    {
      timestamp: 1723446960,
      token_amount: 3688161.607161,
      amount: 1.107702242,
      usdBalance: 153.37468965782827,
      sp: 1
    },
    {
      timestamp: 1723446900,
      token_amount: 3688161.607161,
      amount: 1.98,
      usdBalance: 274.1547990136685,
      sp: -1
    }
  ],
  Hazel: [
    {
      timestamp: 1723446540,
      token_amount: 259799.047961,
      amount: 3.20710348,
      usdBalance: 444.06202524011957,
      sp: 1
    },
    {
      timestamp: 1723415040,
      token_amount: 259799.047961,
      amount: 2.97,
      usdBalance: 411.2321985205028,
      sp: -1
    }
  ],
  bubi: [
    {
      timestamp: 1723413780,
      token_amount: 7734318.499786,
      amount: 0.152520053,
      usdBalance: 21.11823458372175,
      sp: 1
    }
  ],
  LQM: [
    {
      timestamp: 1723407300,
      token_amount: 6311327.386668,
      amount: 0.678965295,
      usdBalance: 94.01090605453594,
      sp: 1
    },
    {
      timestamp: 1723406100,
      token_amount: 6311327.386668,
      amount: 1.98,
      usdBalance: 274.1547990136685,
      sp: -1
    }
  ],
  WATA: [
    {
      timestamp: 1723407240,
      token_amount: 9440051.527552,
      amount: 0.440969796,
      usdBalance: 61.057568582564855,
      sp: 1
    },
    {
      timestamp: 1723406460,
      token_amount: 9440051.527552,
      amount: 1.98,
      usdBalance: 274.1547990136685,
      sp: -1
    }
  ],
  willy: [
    {
      timestamp: 1723404840,
      token_amount: 4359554.228624,
      amount: 1.121797667,
      usdBalance: 155.32637067191274,
      sp: 1
    },
    {
      timestamp: 1723404600,
      token_amount: 4359554.228624,
      amount: 1.98,
      usdBalance: 274.1547990136685,
      sp: -1
    }
  ],
  ETH: [
    {
      timestamp: 1723404360,
      token_amount: 7220915.827325,
      amount: 1.986719043,
      usdBalance: 275.08513127792565,
      sp: 1
    }
  ],
  H: [
    {
      timestamp: 1723403400,
      token_amount: 2276085.437449,
      amount: 2.275040087,
      usdBalance: 315.00664535329486,
      sp: 1
    },
    {
      timestamp: 1723403220,
      token_amount: 2276085.437449,
      amount: 1.98,
      usdBalance: 274.1547990136685,
      sp: -1
    }
  ],
  RINTARO: [
    {
      timestamp: 1723402140,
      token_amount: 1851989.249634,
      amount: 2.211887522,
      usdBalance: 306.2624136539148,
      sp: 1
    },
    {
      timestamp: 1723401420,
      token_amount: 1851989.249634,
      amount: 1.98,
      usdBalance: 274.1547990136685,
      sp: -1
    }
  ],
  Rawdog: [
    {
      timestamp: 1723400700,
      token_amount: 2398390.322871,
      amount: 3.027543769,
      usdBalance: 419.1998249976159,
      sp: 1
    },
    {
      timestamp: 1723400700,
      token_amount: 2398390.322871,
      amount: 3.170257318,
      usdBalance: 438.9602312312635,
      sp: 1
    },
    {
      timestamp: 1723400640,
      token_amount: 1412745.317957,
      amount: 2.041194826,
      usdBalance: 282.62795821705555,
      sp: 1
    }
  ],
  USDC: [
    {
      timestamp: 1723394460,
      token_amount: 7616549.973779,
      amount: 4.211753717,
      usdBalance: 583.1679261511142,
      sp: 1
    },
    {
      timestamp: 1723394400,
      token_amount: 7616549.973779,
      amount: 1.98,
      usdBalance: 274.1547990136685,
      sp: -1
    }
  ],
  PAM: [
    {
      timestamp: 1723393560,
      token_amount: 4714148.85984,
      amount: 8.105349177,
      usdBalance: 1122.2830174525448,
      sp: 1
    },
    {
      timestamp: 1723383540,
      token_amount: 4714148.85984,
      amount: 1.98,
      usdBalance: 274.1547990136685,
      sp: -1
    }
  ],
  KRAKEN: [
    {
      timestamp: 1723392960,
      token_amount: 4543452.4024,
      amount: 0.962680958,
      usdBalance: 133.2947497751393,
      sp: 1
    },
    {
      timestamp: 1723392420,
      token_amount: 4543452.4024,
      amount: 1.98,
      usdBalance: 274.1547990136685,
      sp: -1
    }
  ],
  Hobad: [
    {
      timestamp: 1723390620,
      token_amount: 4943409.491889,
      amount: 0.568760767,
      usdBalance: 78.7517645271439,
      sp: 1
    },
    {
      timestamp: 1723389720,
      token_amount: 4943409.491889,
      amount: 0.99,
      usdBalance: 137.07739950683424,
      sp: -1
    }
  ],
  '$croc': [
    {
      timestamp: 1723375020,
      token_amount: 4722979.345865,
      amount: 2.127613022,
      usdBalance: 294.5935961743807,
      sp: 1
    },
    {
      timestamp: 1723374720,
      token_amount: 4722979.345865,
      amount: 1.98,
      usdBalance: 274.1547990136685,
      sp: -1
    }
  ],
  PARTY: [
    {
      timestamp: 1723331580,
      token_amount: 5459962.569641,
      amount: 3.743509979,
      usdBalance: 518.3339524739432,
      sp: 1
    },
    {
      timestamp: 1723331460,
      token_amount: 2023495.752636,
      amount: 0.990917156,
      usdBalance: 137.20439077897777,
      sp: 1
    },
    {
      timestamp: 1723331400,
      token_amount: 2070847.376925,
      amount: 0.984244747,
      usdBalance: 136.28051555254748,
      sp: 1
    }
  ],
  ZOWIE: [
    {
      timestamp: 1723323540,
      token_amount: 2896887.34107,
      amount: 1.186318844,
      usdBalance: 164.26010315300383,
      sp: 1
    },
    {
      timestamp: 1723323240,
      token_amount: 2896887.34107,
      amount: 1.98,
      usdBalance: 274.1547990136685,
      sp: -1
    }
  ],
  milli: [
    {
      timestamp: 1723321140,
      token_amount: 9077852.150915,
      amount: 1.263490032,
      usdBalance: 174.9453817064311,
      sp: 1
    }
  ],
  '↺': [
    {
      timestamp: 1723313640,
      token_amount: 6284591.136672,
      amount: 1.156937189,
      usdBalance: 160.19185985946143,
      sp: 1
    },
    {
      timestamp: 1723313160,
      token_amount: 6284591.136672,
      amount: 1.98,
      usdBalance: 274.1547990136685,
      sp: -1
    }
  ],
  C4B41: [
    {
      timestamp: 1723309140,
      token_amount: 4070582.055234,
      amount: 1.53337174,
      usdBalance: 212.313748077242,
      sp: 1
    },
    {
      timestamp: 1723309080,
      token_amount: 4070582.055234,
      amount: 1.98,
      usdBalance: 274.1547990136685,
      sp: -1
    }
  ],
  sombrero: [
    {
      timestamp: 1723308780,
      token_amount: 3577034.991485,
      amount: 5.988720974,
      usdBalance: 829.2104015029853,
      sp: 1
    },
    {
      timestamp: 1723308300,
      token_amount: 3577034.991485,
      amount: 1.98,
      usdBalance: 274.1547990136685,
      sp: -1
    }
  ],
  LEO: [
    {
      timestamp: 1723307340,
      token_amount: 5244471.281681,
      amount: 1.98,
      usdBalance: 274.1547990136685,
      sp: -1
    }
  ],
  fly: [
    {
      timestamp: 1723305840,
      token_amount: 4288760.813884,
      amount: 0.243424066,
      usdBalance: 33.704987822888874,
      sp: 1
    },
    {
      timestamp: 1723246140,
      token_amount: 4288760.813884,
      amount: 2.97,
      usdBalance: 411.2321985205028,
      sp: -1
    },
    {
      timestamp: 1723245540,
      token_amount: 7250980.454554,
      amount: 3.998391299,
      usdBalance: 553.6253348259323,
      sp: 1
    },
    {
      timestamp: 1723245540,
      token_amount: 7250980.454554,
      amount: 4.446771741,
      usdBalance: 615.7089964209675,
      sp: 1
    }
  ],
  WIFO: [
    {
      timestamp: 1723305300,
      token_amount: 9633403.982553,
      amount: 10.177930524,
      usdBalance: 1409.2568167587383,
      sp: 1
    }
  ],
  CISM: [
    {
      timestamp: 1723297260,
      token_amount: 8241524.450976,
      amount: 2.137353826,
      usdBalance: 295.9423275697603,
      sp: 1
    },
    {
      timestamp: 1723297200,
      token_amount: 8241524.450976,
      amount: 1.98,
      usdBalance: 274.1547990136685,
      sp: -1
    }
  ],
  omg: [
    {
      timestamp: 1723290060,
      token_amount: 7924306.523331,
      amount: 3.719014215,
      usdBalance: 514.9422195163137,
      sp: 1
    }
  ],
  GDC: [
    {
      timestamp: 1723289280,
      token_amount: 7883842.362025,
      amount: 3.858861086,
      usdBalance: 534.3056997242408,
      sp: 1
    }
  ],
  Bruh: [
    {
      timestamp: 1723281720,
      token_amount: 5542487.06661,
      amount: 5.220228675,
      usdBalance: 722.8034056565729,
      sp: 1
    },
    {
      timestamp: 1723278960,
      token_amount: 5542487.06661,
      amount: 4.95,
      usdBalance: 685.3869975341713,
      sp: -1
    }
  ],
  apple: [
    {
      timestamp: 1723238700,
      token_amount: 11020427.952522,
      amount: 2.31226488,
      usdBalance: 320.1608653751335,
      sp: 1
    },
    {
      timestamp: 1723238640,
      token_amount: 11020427.952522,
      amount: 1.98,
      usdBalance: 274.1547990136685,
      sp: -1
    }
  ],
  TUP: [
    {
      timestamp: 1723227060,
      token_amount: 7464714.353073,
      amount: 1.98,
      usdBalance: 274.1547990136685,
      sp: -1
    }
  ],
  '$HITO': [
    {
      timestamp: 1723226520,
      token_amount: 5682800.371267,
      amount: 0.633485492,
      usdBalance: 87.71368067542167,
      sp: 1
    }
  ]
}
{
  STEVE: 104.68719773057433,
  potuck: 437.87774319201577,
  catan: 433.6343981975775,
  wii: -358.36345766078705,
  NUN: -314.9618851515713,
  xDog: -62.389409965394975,
  'an/4dog': 277.0773282174438,
  'r/snoofi': 2049.0413690112036,
  DL: 207.40548340256015,
  Kamu: -108.98430074262467,
  cacti: -256.53489694269183,
  '$twins': 19.948930719657668,
  pug: -94.62424198626285,
  LUMA: 183.89122726039193,
  ZORP: 304.76165220705855,
  saca: -274.1547990136685,
  Gracie: 88.31262292635229,
  OP_CAT: -274.1547990136685,
  Anna: 144.49635873852313,
  feg: 353.7340577091812,
  boo: 457.20036990410506,
  TOD: 919.3768924111528,
  MGS: 558.4663360360622,
  OMYWFYB: -174.475482734776,
  CHAPPY: -166.97677851823096,
  gDOG: 354.1060326885703,
  boohoo: 84.84392350121612,
  yay: 51.37592727125241,
  ORANGE: 167.9010759153594,
  Beni: 15.57981554962762,
  emi: 16.316189524373506,
  Wifi: -274.1547990136685,
  runner: 9.284849039902838,
  hobo: 23.013368401269254,
  WWNF: 298.15813236337897,
  WAZZZUP: 1210.9492599156388,
  FC: -137.07739950683424,
  banana: -160.28686515889515,
  GROGWIF: -120.78010935584021,
  Hazel: 32.82982671961679,
  bubi: 21.11823458372175,
  LQM: -180.14389295913253,
  WATA: -213.09723043110364,
  willy: -118.82842834175574,
  ETH: 275.08513127792565,
  H: 40.85184633962638,
  RINTARO: 32.10761464024631,
  Rawdog: 1140.788014445935,
  USDC: 309.01312713744574,
  PAM: 848.1282184388763,
  KRAKEN: -140.86004923852917,
  Hobad: -58.325634979690335,
  '$croc': 20.438797160712227,
  PARTY: 791.8188588054685,
  ZOWIE: -109.89469586066465,
  milli: 174.9453817064311,
  '↺': -113.96293915420705,
  C4B41: -61.841050936426484,
  sombrero: 555.0556024893168,
  LEO: -274.1547990136685,
  fly: 791.8071205492859,
  WIFO: 1409.2568167587383,
  CISM: 21.787528556091843,
  omg: 514.9422195163137,
  GDC: 534.3056997242408,
  Bruh: 37.41640812240155,
  apple: 46.006066361465,
  TUP: -274.1547990136685,
  '$HITO': 87.71368067542167
}
Total Transaction: 119
Win Rate: 24.6% (17/69)
Total PnL: 12133.67$

Processing wallet (group 24): EDK4uSvQgZsZuTcuUYan35HLZvoTfgkhgoo3kgz5H8Js
stdout: Processing wallet address: EDK4uSvQgZsZuTcuUYan35HLZvoTfgkhgoo3kgz5H8Js
{}
{}
Total Transaction: 0
Win Rate: 0% (0/0)
Total PnL: 0.00$

Processing wallet (group 24): gAEmaXmxQ1pHB3gLZhsrYkq7mrjRZcACMxeRZFQGNZV
stdout: Processing wallet address: gAEmaXmxQ1pHB3gLZhsrYkq7mrjRZcACMxeRZFQGNZV
{}
{}
Total Transaction: 0
Win Rate: 0% (0/0)
Total PnL: 0.00$

Processing wallet (group 24): 7EGUbk1jTtkziGWLAKZMuhnooKypboghhEPhmtktcd5M
stdout: Processing wallet address: 7EGUbk1jTtkziGWLAKZMuhnooKypboghhEPhmtktcd5M
{
  george: [
    {
      timestamp: 1723894020,
      token_amount: 3789383.319868,
      amount: 3.08268257,
      usdBalance: 426.8344547481258,
      sp: 1
    },
    {
      timestamp: 1723892340,
      token_amount: 3789383.319868,
      amount: 3,
      usdBalance: 415.3860591116189,
      sp: -1
    }
  ],
  '$michi': [
    {
      timestamp: 1723841820,
      token_amount: 7500,
      amount: 6.35754268,
      usdBalance: 880.2781998263735,
      sp: 1
    },
    {
      timestamp: 1723446120,
      token_amount: 31926.334724,
      amount: 30,
      usdBalance: 4153.860591116189,
      sp: -1
    },
    {
      timestamp: 1723303560,
      token_amount: 18943.691625,
      amount: 20,
      usdBalance: 2769.2403940774598,
      sp: -1
    },
    {
      timestamp: 1723247700,
      token_amount: 22115.6886,
      amount: 25,
      usdBalance: 3461.5504925968244,
      sp: -1
    }
  ],
  USDT: [
    {
      timestamp: 1723667580,
      token_amount: 19.982109,
      amount: 0.138428171,
      usdBalance: 19.167044140573097,
      sp: 1
    },
    {
      timestamp: 1723239660,
      token_amount: 7813.640473,
      amount: 51.403592121,
      usdBalance: 7117.445185107752,
      sp: 1
    }
  ],
  cDOG: [
    {
      timestamp: 1723631640,
      token_amount: 8679505.357092,
      amount: 4.447306259,
      usdBalance: 615.7830068628157,
      sp: 1
    },
    {
      timestamp: 1723629900,
      token_amount: 8679505.357092,
      amount: 3,
      usdBalance: 415.3860591116189,
      sp: -1
    }
  ],
  CORGI: [
    {
      timestamp: 1723596660,
      token_amount: 27758240.148864,
      amount: 3.207564206,
      usdBalance: 444.12581829260967,
      sp: 1
    },
    {
      timestamp: 1723596120,
      token_amount: 3044949.668382,
      amount: 0.5,
      usdBalance: 69.23100985193649,
      sp: -1
    },
    {
      timestamp: 1723593180,
      token_amount: 6906226.488854,
      amount: 0.5,
      usdBalance: 69.23100985193649,
      sp: -1
    },
    {
      timestamp: 1723593180,
      token_amount: 7952381.860442,
      amount: 0.5,
      usdBalance: 69.23100985193649,
      sp: -1
    },
    {
      timestamp: 1723593120,
      token_amount: 9854682.131186,
      amount: 0.5,
      usdBalance: 69.23100985193649,
      sp: -1
    }
  ],
  thumb: [
    {
      timestamp: 1723592520,
      token_amount: 90000,
      amount: 9.272188852,
      usdBalance: 1283.8459955236553,
      sp: 1
    },
    {
      timestamp: 1723558980,
      token_amount: 20000,
      amount: 2.115150927,
      usdBalance: 292.86806933093925,
      sp: 1
    },
    {
      timestamp: 1723445220,
      token_amount: 250000,
      amount: 32.243229387,
      usdBalance: 4464.46266269929,
      sp: 1
    },
    {
      timestamp: 1723392180,
      token_amount: 400000,
      amount: 35.955521572,
      usdBalance: 4978.474136365295,
      sp: 1
    },
    {
      timestamp: 1723276860,
      token_amount: 364252.896713,
      amount: 30,
      usdBalance: 4153.860591116189,
      sp: -1
    },
    {
      timestamp: 1723238820,
      token_amount: 502327.616066,
      amount: 36.633841516,
      usdBalance: 5072.395685816951,
      sp: 1
    },
    {
      timestamp: 1723237560,
      token_amount: 307547.520039,
      amount: 23.69978848,
      usdBalance: 3281.5205794953818,
      sp: 1
    },
    {
      timestamp: 1723232640,
      token_amount: 256289.600033,
      amount: 17.439002067,
      usdBalance: 2414.639447816836,
      sp: 1
    }
  ],
  trilly: [
    {
      timestamp: 1723569000,
      token_amount: 7013619.262234,
      amount: 10,
      usdBalance: 1384.6201970387299,
      sp: -1
    },
    {
      timestamp: 1723562280,
      token_amount: 6076924.256043,
      amount: 7.804518389,
      usdBalance: 1080.629378956957,
      sp: 1
    },
    {
      timestamp: 1723559700,
      token_amount: 1059572.621048,
      amount: 1.34,
      usdBalance: 185.5391064031898,
      sp: -1
    }
  ],
  HOFF: [
    {
      timestamp: 1723568820,
      token_amount: 5948281.036526,
      amount: 6.088099166,
      usdBalance: 842.9705066818246,
      sp: 1
    },
    {
      timestamp: 1723568340,
      token_amount: 5948281.036526,
      amount: 4,
      usdBalance: 553.8480788154919,
      sp: -1
    },
    {
      timestamp: 1723559280,
      token_amount: 4091167.709561,
      amount: 1.112601629,
      usdBalance: 154.0530686771592,
      sp: 1
    },
    {
      timestamp: 1723559040,
      token_amount: 4091167.709561,
      amount: 2.5,
      usdBalance: 346.15504925968247,
      sp: -1
    }
  ],
  CRYING: [
    {
      timestamp: 1723568280,
      token_amount: 272940.703727,
      amount: 7.775938852,
      usdBalance: 1076.6721985417355,
      sp: 1
    },
    {
      timestamp: 1723564200,
      token_amount: 272940.703727,
      amount: 7,
      usdBalance: 969.2341379271109,
      sp: -1
    }
  ],
  BTW: [
    {
      timestamp: 1723568220,
      token_amount: 5087.36411,
      amount: 0.489475358,
      usdBalance: 67.77374666395629,
      sp: 1
    },
    {
      timestamp: 1723568220,
      token_amount: 5087.36411,
      amount: 0.5,
      usdBalance: 69.23100985193649,
      sp: -1
    }
  ],
  Chopy: [
    {
      timestamp: 1723538400,
      token_amount: 20657448.023025,
      amount: 9.620399583,
      usdBalance: 1332.0599566204774,
      sp: 1
    },
    {
      timestamp: 1723500960,
      token_amount: 8170817.707122,
      amount: 10,
      usdBalance: 1384.6201970387299,
      sp: -1
    },
    {
      timestamp: 1723499700,
      token_amount: 12270084.616408,
      amount: 20,
      usdBalance: 2769.2403940774598,
      sp: -1
    }
  ],
  SCF: [
    {
      timestamp: 1723501920,
      token_amount: 23082.714342,
      amount: 7,
      usdBalance: 969.2341379271109,
      sp: -1
    }
  ],
  SELFIE: [
    {
      timestamp: 1723498680,
      token_amount: 227894.457635,
      amount: 16.639659837,
      usdBalance: 2303.960908216438,
      sp: 1
    },
    {
      timestamp: 1723448700,
      token_amount: 497894.457635,
      amount: 40,
      usdBalance: 5538.4807881549195,
      sp: -1
    }
  ],
  MagaX: [
    {
      timestamp: 1723498500,
      token_amount: 10141173.795346,
      amount: 20.40551827,
      usdBalance: 2825.38927276848,
      sp: 1
    }
  ],
  RDT: [
    {
      timestamp: 1723485660,
      token_amount: 5150588.6471,
      amount: 20.578569596,
      usdBalance: 2849.350308878874,
      sp: 1
    }
  ],
  BANDA: [
    {
      timestamp: 1723483620,
      token_amount: 466321.727296,
      amount: 12,
      usdBalance: 1661.5442364464757,
      sp: -1
    }
  ],
  H: [
    {
      timestamp: 1723411080,
      token_amount: 17312638.98361,
      amount: 8.055983246,
      usdBalance: 1115.4477109417226,
      sp: 1
    },
    {
      timestamp: 1723410780,
      token_amount: 3710598.484986,
      amount: 2,
      usdBalance: 276.92403940774597,
      sp: -1
    },
    {
      timestamp: 1723408380,
      token_amount: 3050308.922641,
      amount: 2.334244049,
      usdBalance: 323.20414550628624,
      sp: 1
    }
  ],
  LS: [
    {
      timestamp: 1723410240,
      token_amount: 5198456.079815,
      amount: 17.977721155,
      usdBalance: 2489.231580794344,
      sp: 1
    },
    {
      timestamp: 1723408380,
      token_amount: 577606.23109,
      amount: 2.490128762,
      usdBalance: 344.7882577092248,
      sp: 1
    },
    {
      timestamp: 1723401720,
      token_amount: 896818.188728,
      amount: 5,
      usdBalance: 692.3100985193649,
      sp: -1
    }
  ],
  DINGER: [
    {
      timestamp: 1723386060,
      token_amount: 2748389.343735,
      amount: 1.266892307,
      usdBalance: 175.4164675745191,
      sp: 1
    },
    {
      timestamp: 1723385820,
      token_amount: 5889405.736576,
      amount: 3.020951422,
      usdBalance: 418.2870353174071,
      sp: 1
    }
  ],
  BEAN: [
    {
      timestamp: 1723327080,
      token_amount: 6125186.275491,
      amount: 5.310311607,
      usdBalance: 735.2764703621394,
      sp: 1
    }
  ],
  BULK: [
    {
      timestamp: 1723325640,
      token_amount: 6191193.678877,
      amount: 3,
      usdBalance: 415.3860591116189,
      sp: -1
    }
  ],
  Bibble: [
    {
      timestamp: 1723316640,
      token_amount: 1035393.310697,
      amount: 6.329861731,
      usdBalance: 876.4454397205136,
      sp: 1
    }
  ],
  mira: [
    {
      timestamp: 1723299240,
      token_amount: 5793313.519936,
      amount: 15,
      usdBalance: 2076.9302955580947,
      sp: -1
    }
  ],
  clown: [
    {
      timestamp: 1723246740,
      token_amount: 26811266.355088,
      amount: 8.815763577,
      usdBalance: 1220.64843010326,
      sp: 1
    },
    {
      timestamp: 1723246500,
      token_amount: 26811266.355088,
      amount: 7,
      usdBalance: 969.2341379271109,
      sp: -1
    }
  ],
  hamster: [
    {
      timestamp: 1723242600,
      token_amount: 2716907.723831,
      amount: 6,
      usdBalance: 830.7721182232378,
      sp: -1
    },
    {
      timestamp: 1723242360,
      token_amount: 5821415.325181,
      amount: 7.16520234,
      usdBalance: 992.1083875833167,
      sp: 1
    },
    {
      timestamp: 1723242060,
      token_amount: 4212194.675216,
      amount: 7,
      usdBalance: 969.2341379271109,
      sp: -1
    }
  ],
  NUGGS: [
    {
      timestamp: 1723238640,
      token_amount: 1089318.536459,
      amount: 9.328982711,
      usdBalance: 1291.7097879475725,
      sp: 1
    }
  ]
}
{
  george: 11.44839563650686,
  '$michi': -293.6227880215105,
  USDT: 7136.612229248325,
  cDOG: 200.39694775119682,
  CORGI: 167.2017788848637,
  thumb: 14711.675283525048,
  trilly: -95.42919388880546,
  HOFF: 97.0204472838094,
  CRYING: 107.43806061462465,
  BTW: -1.4572631879802032,
  Chopy: -2821.800634495712,
  SCF: -969.2341379271109,
  SELFIE: -231.0925674415039,
  MagaX: 2825.38927276848,
  RDT: 2849.350308878874,
  BANDA: -1661.5442364464757,
  H: 934.0815568164428,
  LS: 1695.8193334587859,
  DINGER: 593.7035028919262,
  BEAN: 735.2764703621394,
  BULK: -415.3860591116189,
  Bibble: 876.4454397205136,
  mira: -2076.9302955580947,
  clown: 251.41429217614893,
  hamster: -469.1909155805794,
  NUGGS: 1291.7097879475725
}
Total Transaction: 61
Win Rate: 23.1% (6/26)
Total PnL: 25449.30$

Processing wallet (group 24): 7dAqnvyrWw2kgEMAcFBvB2fQjLVXGJMAkC7YftrLsS4f
stdout: Processing wallet address: 7dAqnvyrWw2kgEMAcFBvB2fQjLVXGJMAkC7YftrLsS4f
{
  wDOG: [
    {
      timestamp: 1723894800,
      token_amount: 2541.575203,
      amount: 0.185780751,
      usdBalance: 25.72357800556232,
      sp: 1
    }
  ]
}
{ wDOG: 25.72357800556232 }
Total Transaction: 1
Win Rate: 0.0% (0/1)
Total PnL: 25.72$

Processing wallet (group 24): 7yhDUBqVVPoHKCponkL9vdPWmJjXfew7G6niovDVogEy
stdout: Processing wallet address: 7yhDUBqVVPoHKCponkL9vdPWmJjXfew7G6niovDVogEy
{}
{}
Total Transaction: 0
Win Rate: 0% (0/0)
Total PnL: 0.00$

Processing wallet (group 24): Etr14ciT8mjfKZwhVaXh4WhTGnXSfrqDiagnd9t9naGn
stdout: Processing wallet address: Etr14ciT8mjfKZwhVaXh4WhTGnXSfrqDiagnd9t9naGn
No more transactions available.
{
  'R/ape': [
    {
      timestamp: 1724008020,
      token_amount: 995626.934104,
      amount: 1.98,
      usdBalance: 274.1547990136685,
      sp: -1
    }
  ],
  rob: [
    {
      timestamp: 1724007420,
      token_amount: 4282939.776788,
      amount: 0.15833335,
      usdBalance: 21.923155427480218,
      sp: 1
    },
    {
      timestamp: 1724003940,
      token_amount: 4282939.776788,
      amount: 0.99,
      usdBalance: 137.07739950683424,
      sp: -1
    }
  ],
  pumps: [
    {
      timestamp: 1723993200,
      token_amount: 2439063.930252,
      amount: 1.036387354,
      usdBalance: 143.50028623039276,
      sp: 1
    },
    {
      timestamp: 1723991100,
      token_amount: 2439063.930252,
      amount: 0.99,
      usdBalance: 137.07739950683424,
      sp: -1
    },
    {
      timestamp: 1723990800,
      token_amount: 926647.060079,
      amount: 0.461131955,
      usdBalance: 63.849261839295465,
      sp: 1
    },
    {
      timestamp: 1723990680,
      token_amount: 926647.060079,
      amount: 0.401193537,
      usdBalance: 55.55006742516049,
      sp: 1
    }
  ],
  Proggy: [
    {
      timestamp: 1723958580,
      token_amount: 3594551.19733,
      amount: 1.083406374,
      usdBalance: 150.01063470408957,
      sp: 1
    },
    {
      timestamp: 1723927920,
      token_amount: 3594551.19733,
      amount: 3.679318158,
      usdBalance: 509.44582328981363,
      sp: 1
    },
    {
      timestamp: 1723924860,
      token_amount: 4505358.212641,
      amount: 0.99,
      usdBalance: 137.07739950683424,
      sp: -1
    },
    {
      timestamp: 1723921920,
      token_amount: 1567136.238122,
      amount: 0.495,
      usdBalance: 68.53869975341712,
      sp: -1
    },
    {
      timestamp: 1723921320,
      token_amount: 1116607.943897,
      amount: 0.495,
      usdBalance: 68.53869975341712,
      sp: -1
    }
  ],
  quant: [
    {
      timestamp: 1723825920,
      token_amount: 498412.42379,
      amount: 1.346615203,
      usdBalance: 186.45506077132092,
      sp: 1
    },
    {
      timestamp: 1723778220,
      token_amount: 498412.42379,
      amount: 0.495,
      usdBalance: 68.53869975341712,
      sp: -1
    },
    {
      timestamp: 1723742640,
      token_amount: 1377530.712542,
      amount: 2.990209296,
      usdBalance: 414.0304184614562,
      sp: 1
    },
    {
      timestamp: 1723700100,
      token_amount: 1377530.712542,
      amount: 0.99,
      usdBalance: 137.07739950683424,
      sp: -1
    }
  ],
  ACO: [
    {
      timestamp: 1723749540,
      token_amount: 113618.394171,
      amount: 1.190844232,
      usdBalance: 164.88669751542747,
      sp: 1
    }
  ],
  flip: [
    {
      timestamp: 1723714200,
      token_amount: 2393318.365802,
      amount: 1.232653787,
      usdBalance: 170.67573294364766,
      sp: 1
    }
  ],
  Terminus: [
    {
      timestamp: 1723671600,
      token_amount: 1535417.784805,
      amount: 0.99,
      usdBalance: 137.07739950683424,
      sp: -1
    },
    {
      timestamp: 1723670460,
      token_amount: 3027302.413318,
      amount: 0.99,
      usdBalance: 137.07739950683424,
      sp: -1
    }
  ],
  Poxed: [
    {
      timestamp: 1723668840,
      token_amount: 782391.336157,
      amount: 1.98,
      usdBalance: 274.1547990136685,
      sp: -1
    },
    {
      timestamp: 1723666860,
      token_amount: 459458.097571,
      amount: 2.146232439,
      usdBalance: 297.1716782579093,
      sp: 1
    },
    {
      timestamp: 1723663740,
      token_amount: 459458.097571,
      amount: 0.99,
      usdBalance: 137.07739950683424,
      sp: -1
    }
  ],
  roko: [
    {
      timestamp: 1723662300,
      token_amount: 7116704.402433,
      amount: 1.186285468,
      usdBalance: 164.25548184463418,
      sp: 1
    },
    {
      timestamp: 1723660860,
      token_amount: 4478474.891667,
      amount: 0.99,
      usdBalance: 137.07739950683424,
      sp: -1
    },
    {
      timestamp: 1723659600,
      token_amount: 2638229.510766,
      amount: 0.495,
      usdBalance: 68.53869975341712,
      sp: -1
    }
  ],
  URMOM: [
    {
      timestamp: 1723643760,
      token_amount: 8974580.870238,
      amount: 0.99,
      usdBalance: 137.07739950683424,
      sp: -1
    }
  ],
  yodi: [
    {
      timestamp: 1723643220,
      token_amount: 5201342.902252,
      amount: 0.343535705,
      usdBalance: 47.5666475546939,
      sp: 1
    },
    {
      timestamp: 1723641780,
      token_amount: 5201342.902252,
      amount: 0.99,
      usdBalance: 137.07739950683424,
      sp: -1
    }
  ],
  paul: [
    {
      timestamp: 1723638120,
      token_amount: 912857.775024,
      amount: 0.99,
      usdBalance: 137.07739950683424,
      sp: -1
    },
    {
      timestamp: 1723637160,
      token_amount: 559709.608768,
      amount: 0.593352494,
      usdBalance: 82.15678471557018,
      sp: 1
    },
    {
      timestamp: 1723636980,
      token_amount: 559709.608768,
      amount: 0.495,
      usdBalance: 68.53869975341712,
      sp: -1
    }
  ],
  uDOG: [
    {
      timestamp: 1723580520,
      token_amount: 6301.835182,
      amount: 0.099,
      usdBalance: 13.707739950683425,
      sp: -1
    }
  ],
  wCAT: [
    {
      timestamp: 1723561200,
      token_amount: 3337237.051602,
      amount: 0.355609539,
      usdBalance: 49.238414995903184,
      sp: 1
    },
    {
      timestamp: 1723560060,
      token_amount: 1140026.394686,
      amount: 0.198,
      usdBalance: 27.41547990136685,
      sp: -1
    },
    {
      timestamp: 1723559700,
      token_amount: 2197210.656916,
      amount: 0.495,
      usdBalance: 68.53869975341712,
      sp: -1
    },
    {
      timestamp: 1723559520,
      token_amount: 1156263.506296,
      amount: 0.495,
      usdBalance: 68.53869975341712,
      sp: -1
    }
  ],
  KAI: [
    {
      timestamp: 1723555500,
      token_amount: 28033.48038,
      amount: 0.66979433,
      usdBalance: 92.7410757180024,
      sp: 1
    }
  ],
  hi: [
    {
      timestamp: 1723545240,
      token_amount: 102904.006967,
      amount: 0.099,
      usdBalance: 13.707739950683425,
      sp: -1
    },
    {
      timestamp: 1723493460,
      token_amount: 176305.06329,
      amount: 0.297,
      usdBalance: 41.123219852050276,
      sp: -1
    }
  ],
  ELON: [
    {
      timestamp: 1723497360,
      token_amount: 108769.474587,
      amount: 1.485,
      usdBalance: 205.6160992602514,
      sp: -1
    },
    {
      timestamp: 1723492020,
      token_amount: 160221.05002,
      amount: 0.99,
      usdBalance: 137.07739950683424,
      sp: -1
    }
  ],
  MULL: [
    {
      timestamp: 1723471140,
      token_amount: 322477.830634,
      amount: 0.792,
      usdBalance: 109.6619196054674,
      sp: -1
    }
  ],
  DOWNBAD: [
    {
      timestamp: 1723469160,
      token_amount: 1948753.298853,
      amount: 0.40201176,
      usdBalance: 55.663360234308655,
      sp: 1
    },
    {
      timestamp: 1723468440,
      token_amount: 1332273.459818,
      amount: 0.352765433,
      usdBalance: 48.84461433489129,
      sp: 1
    },
    {
      timestamp: 1723465800,
      token_amount: 498740.050247,
      amount: 0.99,
      usdBalance: 137.07739950683424,
      sp: -1
    }
  ],
  '♱': [
    {
      timestamp: 1723460460,
      token_amount: 1145202.761977,
      amount: 2.271732479,
      usdBalance: 314.54866726922626,
      sp: 1
    },
    {
      timestamp: 1723460400,
      token_amount: 238958.070055,
      amount: 0.495,
      usdBalance: 68.53869975341712,
      sp: -1
    },
    {
      timestamp: 1723460100,
      token_amount: 906244.691922,
      amount: 1.98,
      usdBalance: 274.1547990136685,
      sp: -1
    },
    {
      timestamp: 1723446900,
      token_amount: 4349958.974467,
      amount: 2.436278259,
      usdBalance: 337.3320083017753,
      sp: 1
    },
    {
      timestamp: 1723446060,
      token_amount: 4349958.974467,
      amount: 0.99,
      usdBalance: 137.07739950683424,
      sp: -1
    }
  ],
  IRIS: [
    {
      timestamp: 1723445100,
      token_amount: 906995.476748,
      amount: 1.98,
      usdBalance: 274.1547990136685,
      sp: -1
    }
  ],
  UWU: [
    {
      timestamp: 1723444380,
      token_amount: 2866088.915196,
      amount: 0.99,
      usdBalance: 137.07739950683424,
      sp: -1
    }
  ],
  Dan: [
    {
      timestamp: 1723442820,
      token_amount: 2601781.514586,
      amount: 0.99781861,
      usdBalance: 138.15998003871115,
      sp: 1
    },
    {
      timestamp: 1723438380,
      token_amount: 1712107.548595,
      amount: 0.99,
      usdBalance: 137.07739950683424,
      sp: -1
    },
    {
      timestamp: 1723437900,
      token_amount: 889673.965991,
      amount: 0.99,
      usdBalance: 137.07739950683424,
      sp: -1
    }
  ],
  '輪太郎': [
    {
      timestamp: 1723410780,
      token_amount: 16334758.251789,
      amount: 3.125660303,
      usdBalance: 432.7852384615996,
      sp: 1
    },
    {
      timestamp: 1723410600,
      token_amount: 16334758.251789,
      amount: 1.98,
      usdBalance: 274.1547990136685,
      sp: -1
    }
  ],
  '❚❚': [
    {
      timestamp: 1723406340,
      token_amount: 3995684.875037,
      amount: 3.425733017,
      usdBalance: 474.3339125000623,
      sp: 1
    },
    {
      timestamp: 1723405860,
      token_amount: 1237443.496201,
      amount: 0.99,
      usdBalance: 137.07739950683424,
      sp: -1
    }
  ]
}
{
  'R/ape': -274.1547990136685,
  rob: -115.15424407935402,
  pumps: -10.24245893063933,
  Proggy: 357.58997630845295,
  quant: 394.86937997252573,
  ACO: 164.88669751542747,
  flip: 170.67573294364766,
  Terminus: -274.1547990136685,
  Poxed: 160.09427875107508,
  roko: -41.360617415617156,
  URMOM: -137.07739950683424,
  yodi: -89.51075195214034,
  paul: 13.618084962153063,
  uDOG: -13.707739950683425,
  wCAT: -87.33249210247781,
  KAI: 92.7410757180024,
  hi: -54.8309598027337,
  ELON: -342.69349876708566,
  MULL: -109.66191960546742,
  DOWNBAD: -32.569424937634295,
  '♱': 172.10977729708176,
  IRIS: -274.1547990136685,
  UWU: -137.07739950683424,
  Dan: -135.9948189749573,
  '輪太郎': 158.6304394479311,
  '❚❚': 337.25651299322806
}
Total Transaction: 60
Win Rate: 7.7% (2/26)
Total PnL: -107.21$

Processing wallet (group 24): 5P8Cgbmouw943nMt7B8jjDXZQKKcsqaVw5mfuJEQs3Vj
stdout: Processing wallet address: 5P8Cgbmouw943nMt7B8jjDXZQKKcsqaVw5mfuJEQs3Vj
{}
{}
Total Transaction: 0
Win Rate: 0% (0/0)
Total PnL: 0.00$

Processing wallet (group 24): JCvxcZBr6HkgbjUkgdiKokghimXeyJiFejhgumdDJoHb
stdout: Processing wallet address: JCvxcZBr6HkgbjUkgdiKokghimXeyJiFejhgumdDJoHb
No more transactions available.
{
  HIGHER: [
    {
      timestamp: 1724071020,
      token_amount: 158421.815733,
      amount: 0.4,
      usdBalance: 55.38480788154919,
      sp: -1
    },
    {
      timestamp: 1724070960,
      token_amount: 397638.708656,
      amount: 1,
      usdBalance: 138.46201970387298,
      sp: -1
    },
    {
      timestamp: 1724070960,
      token_amount: 399916.153145,
      amount: 1,
      usdBalance: 138.46201970387298,
      sp: -1
    },
    {
      timestamp: 1724070960,
      token_amount: 404530.159249,
      amount: 1,
      usdBalance: 138.46201970387298,
      sp: -1
    },
    {
      timestamp: 1724070960,
      token_amount: 402213.227909,
      amount: 1,
      usdBalance: 138.46201970387298,
      sp: -1
    },
    {
      timestamp: 1724070960,
      token_amount: 1227702.989095,
      amount: 3,
      usdBalance: 415.3860591116189,
      sp: -1
    },
    {
      timestamp: 1724070960,
      token_amount: 1249292.94473,
      amount: 3,
      usdBalance: 415.3860591116189,
      sp: -1
    }
  ],
  erm: [
    {
      timestamp: 1724035140,
      token_amount: 3615368.708318,
      amount: 0.19999692,
      usdBalance: 27.69197747775391,
      sp: 1
    },
    {
      timestamp: 1724033580,
      token_amount: 949872.385905,
      amount: 0.3,
      usdBalance: 41.538605911161895,
      sp: -1
    },
    {
      timestamp: 1724033520,
      token_amount: 1430610.24394,
      amount: 0.4,
      usdBalance: 55.38480788154919,
      sp: -1
    },
    {
      timestamp: 1724033520,
      token_amount: 1270575.600114,
      amount: 0.4,
      usdBalance: 55.38480788154919,
      sp: -1
    }
  ],
  fobo: [
    {
      timestamp: 1723886340,
      token_amount: 46877.402533,
      amount: 0.054000295,
      usdBalance: 7.476989910304953,
      sp: 1
    },
    {
      timestamp: 1723885740,
      token_amount: 31251.601688,
      amount: 0.02166513,
      usdBalance: 2.9997976569469698,
      sp: 1
    },
    {
      timestamp: 1723885740,
      token_amount: 52086.002814,
      amount: 0.03605435,
      usdBalance: 4.992158120110333,
      sp: 1
    },
    {
      timestamp: 1723885740,
      token_amount: 86810.00469,
      amount: 0.059372669,
      usdBalance: 8.22085966494953,
      sp: 1
    },
    {
      timestamp: 1723885680,
      token_amount: 144683.341149,
      amount: 0.092357346,
      usdBalance: 12.787984661649416,
      sp: 1
    },
    {
      timestamp: 1723885680,
      token_amount: 241138.901915,
      amount: 0.152479443,
      usdBalance: 21.112611641101577,
      sp: 1
    }
  ],
  Kitty: [
    {
      timestamp: 1723677480,
      token_amount: 1893148.824907,
      amount: 0.047333345,
      usdBalance: 6.5538705480402175,
      sp: 1
    },
    {
      timestamp: 1723655580,
      token_amount: 669790.390337,
      amount: 1,
      usdBalance: 138.46201970387298,
      sp: -1
    },
    {
      timestamp: 1723655580,
      token_amount: 651413.421029,
      amount: 1,
      usdBalance: 138.46201970387298,
      sp: -1
    }
  ],
  boohoo: [
    {
      timestamp: 1723651740,
      token_amount: 19396165.178049,
      amount: 0.879970241,
      usdBalance: 121.84245684816385,
      sp: 1
    },
    {
      timestamp: 1723651680,
      token_amount: 12930776.785366,
      amount: 0.720330746,
      usdBalance: 99.73844994595753,
      sp: 1
    },
    {
      timestamp: 1723650900,
      token_amount: 2857497.374732,
      amount: 0.4,
      usdBalance: 55.38480788154919,
      sp: -1
    },
    {
      timestamp: 1723650840,
      token_amount: 6910466.972432,
      amount: 1,
      usdBalance: 138.46201970387298,
      sp: -1
    }
  ],
  jelqing: [
    {
      timestamp: 1723646100,
      token_amount: 1167504.616264,
      amount: 0.358554072,
      usdBalance: 49.64612098216789,
      sp: 1
    },
    {
      timestamp: 1723646100,
      token_amount: 364845.192582,
      amount: 0.12040945,
      usdBalance: 16.672135638432508,
      sp: 1
    },
    {
      timestamp: 1723646100,
      token_amount: 608075.32097,
      amount: 0.202781514,
      usdBalance: 28.077537987049194,
      sp: 1
    },
    {
      timestamp: 1723645920,
      token_amount: 5198655.13869,
      amount: 1.546476121,
      usdBalance: 214.12820713747107,
      sp: 1
    },
    {
      timestamp: 1723645920,
      token_amount: 5198655.13869,
      amount: 1.480556404,
      usdBalance: 205.00082998334335,
      sp: 1
    },
    {
      timestamp: 1723645560,
      token_amount: 4401907.624967,
      amount: 1,
      usdBalance: 138.46201970387298,
      sp: -1
    }
  ],
  yay: [
    {
      timestamp: 1723618980,
      token_amount: 179649.928123,
      amount: 0.04392383,
      usdBalance: 6.081782214929567,
      sp: 1
    },
    {
      timestamp: 1723616400,
      token_amount: 119766.618748,
      amount: 0.122305593,
      usdBalance: 16.93467942785987,
      sp: 1
    },
    {
      timestamp: 1723614900,
      token_amount: 74854.136717,
      amount: 0.078502909,
      usdBalance: 10.869671332769347,
      sp: 1
    },
    {
      timestamp: 1723614600,
      token_amount: 124756.894529,
      amount: 0.132628119,
      usdBalance: 18.363957226265608,
      sp: 1
    },
    {
      timestamp: 1723614600,
      token_amount: 124756.894529,
      amount: 0.131663228,
      usdBalance: 18.23035646961152,
      sp: 1
    },
    {
      timestamp: 1723614600,
      token_amount: 207928.157548,
      amount: 0.209892556,
      usdBalance: 29.062147224568264,
      sp: 1
    },
    {
      timestamp: 1723614600,
      token_amount: 207928.157548,
      amount: 0.210515123,
      usdBalance: 29.148349108789244,
      sp: 1
    },
    {
      timestamp: 1723614600,
      token_amount: 346546.929246,
      amount: 0.37001954,
      usdBalance: 51.23365283829801,
      sp: 1
    },
    {
      timestamp: 1723614600,
      token_amount: 346546.929246,
      amount: 0.374990617,
      usdBalance: 51.92195819982149,
      sp: 1
    },
    {
      timestamp: 1723614540,
      token_amount: 433183.661558,
      amount: 0.433404311,
      usdBalance: 60.01003624942549,
      sp: 1
    },
    {
      timestamp: 1723614540,
      token_amount: 541479.576948,
      amount: 0.578522932,
      usdBalance: 80.10345360972637,
      sp: 1
    },
    {
      timestamp: 1723614540,
      token_amount: 676849.471184,
      amount: 0.650672466,
      usdBalance: 90.09342380805961,
      sp: 1
    },
    {
      timestamp: 1723614420,
      token_amount: 606898.903991,
      amount: 0.4,
      usdBalance: 55.38480788154919,
      sp: -1
    },
    {
      timestamp: 1723613880,
      token_amount: 1153222.452558,
      amount: 1,
      usdBalance: 138.46201970387298,
      sp: -1
    },
    {
      timestamp: 1723613880,
      token_amount: 1165085.473438,
      amount: 1,
      usdBalance: 138.46201970387298,
      sp: -1
    },
    {
      timestamp: 1723613280,
      token_amount: 326043.370768,
      amount: 0.11691919,
      usdBalance: 16.18886718954087,
      sp: 1
    },
    {
      timestamp: 1723613160,
      token_amount: 543405.617946,
      amount: 0.181871748,
      usdBalance: 25.18232955515382,
      sp: 1
    },
    {
      timestamp: 1723612980,
      token_amount: 905676.029911,
      amount: 0.420486564,
      usdBalance: 58.221418909781846,
      sp: 1
    }
  ],
  CB: [
    {
      timestamp: 1723600260,
      token_amount: 10111.349812,
      amount: 0.008750055,
      usdBalance: 1.2115502878199722,
      sp: 1
    },
    {
      timestamp: 1723596300,
      token_amount: 20222.69962,
      amount: 0.04422545,
      usdBalance: 6.1235451293126495,
      sp: 1
    },
    {
      timestamp: 1723596300,
      token_amount: 20222.69962,
      amount: 0.044245463,
      usdBalance: 6.126316169712982,
      sp: 1
    }
  ],
  kian: [
    {
      timestamp: 1723592160,
      token_amount: 17807.201073,
      amount: 0.006911168,
      usdBalance: 0.9569342797927763,
      sp: 1
    },
    {
      timestamp: 1723586340,
      token_amount: 160264.809653,
      amount: 0.11520599,
      usdBalance: 15.951654057384193,
      sp: 1
    },
    {
      timestamp: 1723586220,
      token_amount: 118714.673817,
      amount: 0.091227546,
      usdBalance: 12.63155027178798,
      sp: 1
    },
    {
      timestamp: 1723586220,
      token_amount: 197857.789695,
      amount: 0.146735361,
      usdBalance: 20.317274446036915,
      sp: 1
    }
  ],
  Purca: [
    {
      timestamp: 1723578000,
      token_amount: 313057.392994,
      amount: 0.055067306,
      usdBalance: 7.624730408411203,
      sp: 1
    },
    {
      timestamp: 1723577640,
      token_amount: 1449339.782382,
      amount: 0.165645866,
      usdBalance: 22.935661161957103,
      sp: 1
    },
    {
      timestamp: 1723576800,
      token_amount: 4025943.839949,
      amount: 0.246758028,
      usdBalance: 34.16661493502484,
      sp: 1
    },
    {
      timestamp: 1723576800,
      token_amount: 6709906.399916,
      amount: 0.419764419,
      usdBalance: 58.12142925456279,
      sp: 1
    },
    {
      timestamp: 1723575720,
      token_amount: 16933277.771398,
      amount: 1,
      usdBalance: 138.46201970387298,
      sp: -1
    },
    {
      timestamp: 1723570260,
      token_amount: 65915.394874,
      amount: 0.024782177,
      usdBalance: 3.4313902800788676,
      sp: 1
    },
    {
      timestamp: 1723570260,
      token_amount: 109858.991457,
      amount: 0.042262227,
      usdBalance: 5.851713307603553,
      sp: 1
    },
    {
      timestamp: 1723570260,
      token_amount: 183098.319095,
      amount: 0.067280492,
      usdBalance: 9.315792808990269,
      sp: 1
    },
    {
      timestamp: 1723570260,
      token_amount: 508606.44193,
      amount: 0.184169226,
      usdBalance: 25.500442999259036,
      sp: 1
    }
  ],
  POT: [
    {
      timestamp: 1723558140,
      token_amount: 247686.734203,
      amount: 0.139881813,
      usdBalance: 19.368318347819475,
      sp: 1
    },
    {
      timestamp: 1723555740,
      token_amount: 305786.091608,
      amount: 0.120878959,
      usdBalance: 16.737144802841655,
      sp: 1
    }
  ],
  HORSE: [
    {
      timestamp: 1723477800,
      token_amount: 781142.214707,
      amount: 0.159917773,
      usdBalance: 22.142537836125488,
      sp: 1
    },
    {
      timestamp: 1723477560,
      token_amount: 520761.47647,
      amount: 0.192106306,
      usdBalance: 26.59942712661025,
      sp: 1
    }
  ],
  LQC: [
    {
      timestamp: 1723472760,
      token_amount: 67842.922705,
      amount: 0.025239336,
      usdBalance: 3.494689438544671,
      sp: 1
    },
    {
      timestamp: 1723472580,
      token_amount: 188452.563069,
      amount: 0.068493153,
      usdBalance: 9.483700300266387,
      sp: 1
    },
    {
      timestamp: 1723472580,
      token_amount: 314087.605114,
      amount: 0.137551952,
      usdBalance: 19.04572108813019,
      sp: 1
    },
    {
      timestamp: 1723472460,
      token_amount: 523479.341858,
      amount: 0.187822191,
      usdBalance: 26.006239911066594,
      sp: 1
    },
    {
      timestamp: 1723472460,
      token_amount: 1308698.354644,
      amount: 0.477767797,
      usdBalance: 66.15269412208998,
      sp: 1
    },
    {
      timestamp: 1723472460,
      token_amount: 654349.177322,
      amount: 0.241090962,
      usdBalance: 33.38194153086969,
      sp: 1
    },
    {
      timestamp: 1723472460,
      token_amount: 817936.471652,
      amount: 0.306223879,
      usdBalance: 42.400376767894414,
      sp: 1
    },
    {
      timestamp: 1723472340,
      token_amount: 1485935.14763,
      amount: 0.4,
      usdBalance: 55.38480788154919,
      sp: -1
    },
    {
      timestamp: 1723472160,
      token_amount: 1364095.03581,
      amount: 0.68678708,
      usdBalance: 95.0939262033254,
      sp: 1
    }
  ]
}
{
  HIGHER: -1440.0050049202791,
  erm: -123.05551562222435,
  fobo: 57.59040165506277,
  Kitty: -270.37016885970576,
  boohoo: 27.734079208699214,
  jelqing: 375.06281202459104,
  yay: 23.471271652492547,
  CB: 13.461411586845603,
  kian: 49.85741305500186,
  Purca: -6.488711072106641,
  POT: 36.10546315066113,
  HORSE: 48.741964962735736,
  LQC: 188.830982953121
}
Total Transaction: 77
Win Rate: 15.4% (2/13)
Total PnL: -1019.06$

Processing wallet (group 24): B8PwhcxkiQ9uQfzbH3Ks2nRcpLUjU5J4eAiJzRF2ReY3
stdout: Processing wallet address: B8PwhcxkiQ9uQfzbH3Ks2nRcpLUjU5J4eAiJzRF2ReY3
{
  fish: [
    {
      timestamp: 1723332540,
      token_amount: 2511555.513955,
      amount: 0.183741687,
      usdBalance: 25.44124508581686,
      sp: 1
    },
    {
      timestamp: 1723328760,
      token_amount: 983571.200196,
      amount: 0.2475,
      usdBalance: 34.26934987670856,
      sp: -1
    },
    {
      timestamp: 1723328760,
      token_amount: 942021.743155,
      amount: 0.2475,
      usdBalance: 34.26934987670856,
      sp: -1
    }
  ],
  RUF: [
    {
      timestamp: 1723330260,
      token_amount: 661606.397038,
      amount: 0.341012153,
      usdBalance: 47.21723144794615,
      sp: 1
    },
    {
      timestamp: 1723330260,
      token_amount: 298204.59114,
      amount: 0.2475,
      usdBalance: 34.26934987670856,
      sp: -1
    },
    {
      timestamp: 1723330200,
      token_amount: 363401.805898,
      amount: 0.2475,
      usdBalance: 34.26934987670856,
      sp: -1
    }
  ]
}
{ fish: -43.09745466760026, RUF: -21.321468305470972 }
Total Transaction: 6
Win Rate: 0.0% (0/2)
Total PnL: -64.42$

Processing wallet (group 24): Dt2oQeGqcHhWz8f3oQWVUGnZwN9vBeXvk7A4F4sj3qJm
stdout: Processing wallet address: Dt2oQeGqcHhWz8f3oQWVUGnZwN9vBeXvk7A4F4sj3qJm
{
  ALPHA: [
    {
      timestamp: 1723790520,
      token_amount: 200306.364338,
      amount: 0.32,
      usdBalance: 44.30784630523936,
      sp: -1
    }
  ],
  SCF: [
    {
      timestamp: 1723609680,
      token_amount: 470057.674065,
      amount: 158.5,
      usdBalance: 21946.23012306387,
      sp: -1
    },
    {
      timestamp: 1723606680,
      token_amount: 390692.571187,
      amount: 116,
      usdBalance: 16061.594285649266,
      sp: -1
    },
    {
      timestamp: 1723606440,
      token_amount: 360309.407606,
      amount: 102.56,
      usdBalance: 14200.664740829214,
      sp: -1
    }
  ]
}
{ ALPHA: -44.30784630523936, SCF: -52208.48914954234 }
Total Transaction: 4
Win Rate: 0.0% (0/2)
Total PnL: -52252.80$

Processing wallet (group 24): 692Zuf8Ty8h7RhUTpo4Rr3i2ZwkWDo3R14m6Gai8BUHc
stdout: Processing wallet address: 692Zuf8Ty8h7RhUTpo4Rr3i2ZwkWDo3R14m6Gai8BUHc
{}
{}
Total Transaction: 0
Win Rate: 0% (0/0)
Total PnL: 0.00$

Processing wallet (group 24): CiJTEGvUUUY6v4GVZ7r91xb99ub2iDQpV9sDu5XJbDKd
stdout: Processing wallet address: CiJTEGvUUUY6v4GVZ7r91xb99ub2iDQpV9sDu5XJbDKd
{}
{}
Total Transaction: 0
Win Rate: 0% (0/0)
Total PnL: 0.00$

Processing wallet (group 24): 8Dmy23foRZnYPLgbFnEgz5tfL92rYL2qpMfgGhihBS3o
stdout: Processing wallet address: 8Dmy23foRZnYPLgbFnEgz5tfL92rYL2qpMfgGhihBS3o
{
  WIB: [
    {
      timestamp: 1723619460,
      token_amount: 212701.350108,
      amount: 0.00962923,
      usdBalance: 1.333282633993125,
      sp: 1
    }
  ],
  USDT: [
    {
      timestamp: 1723619460,
      token_amount: 4.166894,
      amount: 0.028717479,
      usdBalance: 3.976280143143559,
      sp: 1
    }
  ]
}
{ WIB: 1.333282633993125, USDT: 3.976280143143559 }
Total Transaction: 2
Win Rate: 0.0% (0/2)
Total PnL: 5.31$

Processing wallet (group 24): 4DAYzNTGocp1wADRkFHhQoWRabqh6wdECr8nwmzTFCS1
stdout: Processing wallet address: 4DAYzNTGocp1wADRkFHhQoWRabqh6wdECr8nwmzTFCS1

Processing wallet (group 24): A2fSgTouUHtEnjYiGTjMJwB2pH6N8n9HdTpQ6FTTfruf
stdout: Processing wallet address: A2fSgTouUHtEnjYiGTjMJwB2pH6N8n9HdTpQ6FTTfruf
{}
{}
Total Transaction: 0
Win Rate: 0% (0/0)
Total PnL: 0.00$

Processing wallet (group 24): C5rpH59y7YuJN9kKoC7J8fngbQHRpFdJDbEUzzDi4uZv
stdout: Processing wallet address: C5rpH59y7YuJN9kKoC7J8fngbQHRpFdJDbEUzzDi4uZv
{}
{}
Total Transaction: 0
Win Rate: 0% (0/0)
Total PnL: 0.00$

Processing wallet (group 24): 8xxHhg93iQbb94csWtWcgZCjSLhC1zYXAB7DfiRdnaM6
stdout: Processing wallet address: 8xxHhg93iQbb94csWtWcgZCjSLhC1zYXAB7DfiRdnaM6
{}
{}
Total Transaction: 0
Win Rate: 0% (0/0)
Total PnL: 0.00$

Processing wallet (group 24): HztJZHef4fXM9ANRh7LHtcrQHZybLucjCW5vntJTvnXv
stdout: Processing wallet address: HztJZHef4fXM9ANRh7LHtcrQHZybLucjCW5vntJTvnXv
{}
{}
Total Transaction: 0
Win Rate: 0% (0/0)
Total PnL: 0.00$

Processing wallet (group 24): EmZnoHVpTPk6od1SFkLVXNoLo4L6YBmnpbSHpyqdgyT6
stdout: Processing wallet address: EmZnoHVpTPk6od1SFkLVXNoLo4L6YBmnpbSHpyqdgyT6
{}
{}
Total Transaction: 0
Win Rate: 0% (0/0)
Total PnL: 0.00$

Processing wallet (group 24): ARGvZNW6V7HkdCsdvwmaY5sU2agqwczeebSZwpxANdpj
stdout: Processing wallet address: ARGvZNW6V7HkdCsdvwmaY5sU2agqwczeebSZwpxANdpj
{}
{}
Total Transaction: 0
Win Rate: 0% (0/0)
Total PnL: 0.00$

Processing wallet (group 24): CvM9KHWBAn7udjXe72AgDjpURhVaGTc3dGjygwVcEJgj
stdout: Processing wallet address: CvM9KHWBAn7udjXe72AgDjpURhVaGTc3dGjygwVcEJgj
{}
{}
Total Transaction: 0
Win Rate: 0% (0/0)
Total PnL: 0.00$

Processing wallet (group 24): 7V1r1qEsCisHyoSoNyehJfucL6SmUQuobPYeF5c1nRSE
stdout: Processing wallet address: 7V1r1qEsCisHyoSoNyehJfucL6SmUQuobPYeF5c1nRSE
{
  AUG: [
    {
      timestamp: 1723644060,
      token_amount: 413866,
      amount: 0.060272586,
      usdBalance: 8.345463990335379,
      sp: 1
    }
  ]
}
{ AUG: 8.345463990335379 }
Total Transaction: 1
Win Rate: 0.0% (0/1)
Total PnL: 8.35$

Processing wallet (group 24): 215nhcAHjQQGgwpQSJQ7zR26etbjjtVdW74NLzwEgQjP
stdout: Processing wallet address: 215nhcAHjQQGgwpQSJQ7zR26etbjjtVdW74NLzwEgQjP

Processing wallet (group 24): 5AbchD5DK2qDvggTcoLgzZ4sqCZPoy4XcJmUnxe3k8x4
stdout: Processing wallet address: 5AbchD5DK2qDvggTcoLgzZ4sqCZPoy4XcJmUnxe3k8x4

Processing wallet (group 24): EYVfctaAosA1KCCtAff18R8qe7rZTPfx168REfV7HAZ3
stdout: Processing wallet address: EYVfctaAosA1KCCtAff18R8qe7rZTPfx168REfV7HAZ3
{}
{}
Total Transaction: 0
Win Rate: 0% (0/0)
Total PnL: 0.00$

Processing wallet (group 24): ARiwJkQoVyxWPqQbNoytjmzbGBVUSYmNvZzWtoPJSki4
stdout: Processing wallet address: ARiwJkQoVyxWPqQbNoytjmzbGBVUSYmNvZzWtoPJSki4

Processing wallet (group 24): 2iwarAVA7w3v8ehiNXnsF3K1E6vKMxajRTwiZohouRkF
stdout: Processing wallet address: 2iwarAVA7w3v8ehiNXnsF3K1E6vKMxajRTwiZohouRkF

Processing wallet (group 24): HPg3rALmptoR1JtGeCG1VyKuyytZHyxwm6iS1My9YCzy
stdout: Processing wallet address: HPg3rALmptoR1JtGeCG1VyKuyytZHyxwm6iS1My9YCzy

Processing wallet (group 24): GdX5UHTjSNo9m1Da4xVMHyQ4buUmaZNCgu4AHJf6Q1jd
stdout: Processing wallet address: GdX5UHTjSNo9m1Da4xVMHyQ4buUmaZNCgu4AHJf6Q1jd
Data appended to final.csv.
{
  BGG1: [
    {
      timestamp: 1724059140,
      token_amount: 2092340.311688,
      amount: 42.57,
      usdBalance: 5894.328178793873,
      sp: -1
    },
    {
      timestamp: 1724058660,
      token_amount: 2768815.259928,
      amount: 49.5,
      usdBalance: 6853.869975341712,
      sp: -1
    }
  ],
  mcdog: [
    {
      timestamp: 1724028000,
      token_amount: 5161740.02051,
      amount: 5.594545718,
      usdBalance: 774.6320994399342,
      sp: 1
    },
    {
      timestamp: 1724023500,
      token_amount: 5161740.02051,
      amount: 10.395,
      usdBalance: 1439.3126948217596,
      sp: -1
    }
  ],
  SORRY: [
    {
      timestamp: 1724017320,
      token_amount: 151244872.004498,
      amount: 10.044653883,
      usdBalance: 1390.8030638665302,
      sp: 1
    },
    {
      timestamp: 1724013780,
      token_amount: 80000000,
      amount: 7.113929166,
      usdBalance: 985.0090003546487,
      sp: 1
    },
    {
      timestamp: 1723935600,
      token_amount: 231244872.004497,
      amount: 22.911244789,
      usdBalance: 3172.3372274147755,
      sp: 1
    },
    {
      timestamp: 1723895460,
      token_amount: 61538049.074489,
      amount: 8.91,
      usdBalance: 1233.6965955615083,
      sp: -1
    },
    {
      timestamp: 1723766160,
      token_amount: 4106151.826337,
      amount: 0.99,
      usdBalance: 137.07739950683424,
      sp: -1
    },
    {
      timestamp: 1723766160,
      token_amount: 3078284.139592,
      amount: 0.99,
      usdBalance: 137.07739950683424,
      sp: -1
    },
    {
      timestamp: 1723766160,
      token_amount: 3078238.495296,
      amount: 0.99,
      usdBalance: 137.07739950683424,
      sp: -1
    },
    {
      timestamp: 1723766100,
      token_amount: 217686076.649576,
      amount: 29.7,
      usdBalance: 4112.321985205028,
      sp: -1
    }
  ],
  gringo: [
    {
      timestamp: 1724016960,
      token_amount: 9142721.59662,
      amount: 12.375,
      usdBalance: 1713.467493835428,
      sp: -1
    },
    {
      timestamp: 1723677900,
      token_amount: 4665543.019726,
      amount: 3.75841271,
      usdBalance: 520.3974147073067,
      sp: 1
    },
    {
      timestamp: 1723677660,
      token_amount: 4665543.019726,
      amount: 2.97,
      usdBalance: 411.2321985205028,
      sp: -1
    }
  ],
  FRAND: [
    {
      timestamp: 1724013240,
      token_amount: 15191186.130263,
      amount: 0.99,
      usdBalance: 137.07739950683424,
      sp: -1
    }
  ],
  'r/snoofi': [
    {
      timestamp: 1723996680,
      token_amount: 1349748.062148,
      amount: 21.334203781,
      usdBalance: 2953.9769442912634,
      sp: 1
    },
    {
      timestamp: 1723935660,
      token_amount: 1349748.062148,
      amount: 22.77,
      usdBalance: 3152.780188657188,
      sp: -1
    }
  ],
  CHD: [
    {
      timestamp: 1723982280,
      token_amount: 2855256.247074,
      amount: 1.886168639,
      usdBalance: 261.1627192580453,
      sp: 1
    },
    {
      timestamp: 1723974840,
      token_amount: 273749.157672,
      amount: 0.495,
      usdBalance: 68.53869975341712,
      sp: -1
    },
    {
      timestamp: 1723974780,
      token_amount: 2581507.089402,
      amount: 4.95,
      usdBalance: 685.3869975341713,
      sp: -1
    }
  ],
  DL: [
    {
      timestamp: 1723927860,
      token_amount: 4709464.927999,
      amount: 3.290631482,
      usdBalance: 455.62748109886877,
      sp: 1
    }
  ],
  DBAG: [
    {
      timestamp: 1723895280,
      token_amount: 1548003.949453,
      amount: 9.785261656,
      usdBalance: 1354.8870922206247,
      sp: 1
    },
    {
      timestamp: 1723894920,
      token_amount: 1548003.949453,
      amount: 10.89,
      usdBalance: 1507.8513945751768,
      sp: -1
    },
    {
      timestamp: 1723872300,
      token_amount: 3878222.764117,
      amount: 6.718576222,
      usdBalance: 930.2676332325366,
      sp: 1
    },
    {
      timestamp: 1723872300,
      token_amount: 3878222.764116,
      amount: 7.631159916,
      usdBalance: 1056.6258146525977,
      sp: 1
    },
    {
      timestamp: 1723868460,
      token_amount: 7756445.528233,
      amount: 6.534,
      usdBalance: 904.710836745106,
      sp: -1
    }
  ],
  RNP: [
    {
      timestamp: 1723885380,
      token_amount: 23897787.24862,
      amount: 0.462632551,
      usdBalance: 64.05703739221502,
      sp: 1
    }
  ],
  '$MUD': [
    {
      timestamp: 1723881780,
      token_amount: 10162682.958877,
      amount: 3.170978432,
      usdBalance: 439.0600781321403,
      sp: 1
    },
    {
      timestamp: 1723874640,
      token_amount: 5635960.797264,
      amount: 4.95,
      usdBalance: 685.3869975341713,
      sp: -1
    },
    {
      timestamp: 1723874460,
      token_amount: 1622263.892002,
      amount: 0.99,
      usdBalance: 137.07739950683424,
      sp: -1
    }
  ],
  Spoc: [
    {
      timestamp: 1723861620,
      token_amount: 1443243.538534,
      amount: 7.119138693,
      usdBalance: 985.7303219847705,
      sp: 1
    }
  ],
  mechelle: [
    {
      timestamp: 1723848900,
      token_amount: 19801074.29538,
      amount: 4.95,
      usdBalance: 685.3869975341713,
      sp: -1
    }
  ],
  tilted: [
    {
      timestamp: 1723762500,
      token_amount: 888211.117985,
      amount: 0.99,
      usdBalance: 137.07739950683424,
      sp: -1
    },
    {
      timestamp: 1723762500,
      token_amount: 957597.386935,
      amount: 0.99,
      usdBalance: 137.07739950683424,
      sp: -1
    },
    {
      timestamp: 1723762500,
      token_amount: 496036.340754,
      amount: 0.99,
      usdBalance: 137.07739950683424,
      sp: -1
    },
    {
      timestamp: 1723762500,
      token_amount: 915189.65659,
      amount: 0.99,
      usdBalance: 137.07739950683424,
      sp: -1
    },
    {
      timestamp: 1723762500,
      token_amount: 1303208.359752,
      amount: 0.99,
      usdBalance: 137.07739950683424,
      sp: -1
    }
  ],
  Dewy: [
    {
      timestamp: 1723762380,
      token_amount: 17715454.079746,
      amount: 2.363680653,
      usdBalance: 327.27999714934936,
      sp: 1
    },
    {
      timestamp: 1723762200,
      token_amount: 8667410.252642,
      amount: 0.99,
      usdBalance: 137.07739950683424,
      sp: -1
    },
    {
      timestamp: 1723762200,
      token_amount: 9048043.827104,
      amount: 0.99,
      usdBalance: 137.07739950683424,
      sp: -1
    }
  ],
  nova: [
    {
      timestamp: 1723753080,
      token_amount: 2535801.10964,
      amount: 0.99,
      usdBalance: 137.07739950683424,
      sp: -1
    },
    {
      timestamp: 1723753080,
      token_amount: 3107795.494784,
      amount: 0.99,
      usdBalance: 137.07739950683424,
      sp: -1
    }
  ],
  nini: [
    {
      timestamp: 1723747320,
      token_amount: 3831966.331485,
      amount: 13.820295955,
      usdBalance: 1913.5860908345662,
      sp: 1
    },
    {
      timestamp: 1723739820,
      token_amount: 2287990.399682,
      amount: 10.494,
      usdBalance: 1453.020434772443,
      sp: -1
    }
  ],
  ACO: [
    {
      timestamp: 1723741380,
      token_amount: 2541951.668531,
      amount: 7.729087736,
      usdBalance: 1070.185098394995,
      sp: 1
    },
    {
      timestamp: 1723697340,
      token_amount: 1828168.0122,
      amount: 9.306,
      usdBalance: 1288.5275553642418,
      sp: -1
    },
    {
      timestamp: 1723697280,
      token_amount: 3255735.324863,
      amount: 12.87,
      usdBalance: 1782.0061935888452,
      sp: -1
    }
  ],
  Fluffi: [
    {
      timestamp: 1723697340,
      token_amount: 3211897.246628,
      amount: 8.975918346,
      usdBalance: 1242.823782884207,
      sp: 1
    },
    {
      timestamp: 1723693080,
      token_amount: 4705696.811197,
      amount: 29.7,
      usdBalance: 4112.321985205028,
      sp: -1
    },
    {
      timestamp: 1723693080,
      token_amount: 1718097.682058,
      amount: 9.9,
      usdBalance: 1370.7739950683426,
      sp: -1
    }
  ],
  DC: [
    {
      timestamp: 1723691940,
      token_amount: 17407701.547819,
      amount: 12.651303401,
  
