stdout: Processing wallet (group 31): FcDjPtyXCmYecsHa68YysYo66jRfPpRBqF6HToVy6FzR
stdout: Processing wallet address: FcDjPtyXCmYecsHa68YysYo66jRfPpRBqF6HToVy6FzR
{
  CT: [
    {
      timestamp: 1723509180,
      token_amount: 20841821.698684,
      amount: 2.048511716,
      usdBalance: 283.6410695844067,
      sp: 1
    },
    {
      timestamp: 1723465020,
      token_amount: 20841821.698683,
      amount: 4.752333587,
      usdBalance: 658.0177067625714,
      sp: 1
    }
  ]
}
{ CT: 941.6587763469781 }
Total Transaction: 2
Win Rate: 100.0% (1/1)
Total PnL: 941.66$

Processing completed for group 31.

