stdout: Processing wallet (group 33): E8FPVbVPd3ttfE6EYk8mEZFbVGNje8WvHuXncc6MH1Td
stdout: Processing wallet address: E8FPVbVPd3ttfE6EYk8mEZFbVGNje8WvHuXncc6MH1Td
{
  REDO: [
    {
      timestamp: 1724064300,
      token_amount: 186640.491202,
      amount: 0.022705411,
      usdBalance: 3.1438370652665344,
      sp: 1
    },
    {
      timestamp: 1724061180,
      token_amount: 186640.491202,
      amount: 0.1485,
      usdBalance: 20.561609926025138,
      sp: -1
    }
  ],
  HITMAN: [
    {
      timestamp: 1724046120,
      token_amount: 102848.661422,
      amount: 0.004730715,
      usdBalance: 0.6550243535434075,
      sp: 1
    }
  ]
}
{ REDO: -17.417772860758603, HITMAN: 0.6550243535434075 }
Total Transaction: 3
Win Rate: 0.0% (0/2)
Total PnL: -16.76$

Processing completed for group 33.

