stderr: stderr: TypeError: terminated
    at Fetch.onAborted (node:internal/deps/undici/undici:10815:53)
    at Fetch.emit (node:events:520:28)
    at Fetch.terminate (node:internal/deps/undici/undici:9973:14)
    at Object.onError (node:internal/deps/undici/undici:10927:38)
    at Request.onError (node:internal/deps/undici/undici:2079:31)
    at Object.errorRequest (node:internal/deps/undici/undici:1576:17)
    at TLSSocket.<anonymous> (node:internal/deps/undici/undici:6045:16)
    at TLSSocket.emit (node:events:532:35)
    at node:net:337:12
    at TCP.done (node:_tls_wrap:650:7) {
  [cause]: Error: read ETIMEDOUT
      at TLSWrap.onStreamRead (node:internal/stream_base_commons:218:20) {
    errno: -60,
    code: 'ETIMEDOUT',
    syscall: 'read'
  }
}

stderr: TypeError: fetch failed
    at node:internal/deps/undici/undici:13178:13
    at process.processTicksAndRejections (node:internal/process/task_queues:95:5)
    at async fetchAndParseTransactions (/Users/erfanesfahanian/WebstormProjects/walletwithfront/index.js:274:24)
    at async getTransactions (/Users/erfanesfahanian/WebstormProjects/walletwithfront/index.js:475:3)
    at async main (/Users/erfanesfahanian/WebstormProjects/walletwithfront/index.js:645:7) {
  [cause]: ConnectTimeoutError: Connect Timeout Error (attempted addresses: 188.114.99.0:443, 188.114.98.0:443)
      at onConnectTimeout (node:internal/deps/undici/undici:2331:28)
      at node:internal/deps/undici/undici:2283:50
      at Immediate._onImmediate (node:internal/deps/undici/undici:2315:13)
      at process.processImmediate (node:internal/timers:483:21) {
    code: 'UND_ERR_CONNECT_TIMEOUT'
  }
}

stderr: TypeError: fetch failed
    at node:internal/deps/undici/undici:13178:13
    at process.processTicksAndRejections (node:internal/process/task_queues:95:5)
    at async fetchAndParseTransactions (/Users/erfanesfahanian/WebstormProjects/walletwithfront/index.js:274:24)
    at async getTransactions (/Users/erfanesfahanian/WebstormProjects/walletwithfront/index.js:475:3)
    at async main (/Users/erfanesfahanian/WebstormProjects/walletwithfront/index.js:645:7) {
  [cause]: ConnectTimeoutError: Connect Timeout Error (attempted addresses: 188.114.99.0:443, 188.114.98.0:443)
      at onConnectTimeout (node:internal/deps/undici/undici:2331:28)
      at node:internal/deps/undici/undici:2283:50
      at Immediate._onImmediate (node:internal/deps/undici/undici:2315:13)
      at process.processImmediate (node:internal/timers:483:21) {
    code: 'UND_ERR_CONNECT_TIMEOUT'
  }
}

stderr: TypeError: fetch failed
    at node:internal/deps/undici/undici:13178:13
    at process.processTicksAndRejections (node:internal/process/task_queues:95:5)
    at async fetchAndParseTransactions (/Users/erfanesfahanian/WebstormProjects/walletwithfront/index.js:274:24)
    at async getTransactions (/Users/erfanesfahanian/WebstormProjects/walletwithfront/index.js:475:3)
    at async main (/Users/erfanesfahanian/WebstormProjects/walletwithfront/index.js:645:7) {
  [cause]: ConnectTimeoutError: Connect Timeout Error (attempted addresses: 188.114.99.0:443, 188.114.98.0:443)
      at onConnectTimeout (node:internal/deps/undici/undici:2331:28)
      at node:internal/deps/undici/undici:2283:50
      at Immediate._onImmediate (node:internal/deps/undici/undici:2315:13)
      at process.processImmediate (node:internal/timers:483:21) {
    code: 'UND_ERR_CONNECT_TIMEOUT'
  }
}

stderr: TypeError: fetch failed
    at node:internal/deps/undici/undici:13178:13
    at process.processTicksAndRejections (node:internal/process/task_queues:95:5)
    at async fetchAndParseTransactions (/Users/erfanesfahanian/WebstormProjects/walletwithfront/index.js:274:24)
    at async getTransactions (/Users/erfanesfahanian/WebstormProjects/walletwithfront/index.js:475:3)
    at async main (/Users/erfanesfahanian/WebstormProjects/walletwithfront/index.js:645:7) {
  [cause]: ConnectTimeoutError: Connect Timeout Error (attempted addresses: 188.114.99.0:443, 188.114.98.0:443)
      at onConnectTimeout (node:internal/deps/undici/undici:2331:28)
      at node:internal/deps/undici/undici:2283:50
      at Immediate._onImmediate (node:internal/deps/undici/undici:2315:13)
      at process.processImmediate (node:internal/timers:483:21) {
    code: 'UND_ERR_CONNECT_TIMEOUT'
  }
}

stderr: TypeError: fetch failed
    at node:internal/deps/undici/undici:13178:13
    at async fetchAndParseTransactions (/Users/erfanesfahanian/WebstormProjects/walletwithfront/index.js:274:24)
    at async getTransactions (/Users/erfanesfahanian/WebstormProjects/walletwithfront/index.js:475:3)
    at async main (/Users/erfanesfahanian/WebstormProjects/walletwithfront/index.js:645:7) {
  [cause]: SocketError: other side closed
      at TLSSocket.<anonymous> (node:internal/deps/undici/undici:6020:28)
      at TLSSocket.emit (node:events:532:35)
      at endReadableNT (node:internal/streams/readable:1696:12)
      at process.processTicksAndRejections (node:internal/process/task_queues:82:21) {
    code: 'UND_ERR_SOCKET',
    socket: {
      localAddress: '192.168.1.50',
      localPort: 52070,
      remoteAddress: '188.114.99.0',
      remotePort: 443,
      remoteFamily: 'IPv4',
      timeout: undefined,
      bytesWritten: 288,
      bytesRead: 0
    }
  }
}

stderr: TypeError: fetch failed
    at node:internal/deps/undici/undici:13178:13
    at async fetchAndParseTransactions (/Users/erfanesfahanian/WebstormProjects/walletwithfront/index.js:274:24)
    at async getTransactions (/Users/erfanesfahanian/WebstormProjects/walletwithfront/index.js:475:3)
    at async main (/Users/erfanesfahanian/WebstormProjects/walletwithfront/index.js:645:7) {
  [cause]: SocketError: other side closed
      at TLSSocket.<anonymous> (node:internal/deps/undici/undici:6020:28)
      at TLSSocket.emit (node:events:532:35)
      at endReadableNT (node:internal/streams/readable:1696:12)
      at process.processTicksAndRejections (node:internal/process/task_queues:82:21) {
    code: 'UND_ERR_SOCKET',
    socket: {
      localAddress: '192.168.1.50',
      localPort: 52081,
      remoteAddress: '188.114.99.0',
      remotePort: 443,
      remoteFamily: 'IPv4',
      timeout: undefined,
      bytesWritten: 288,
      bytesRead: 0
    }
  }
}

stderr: TypeError: fetch failed
    at node:internal/deps/undici/undici:13178:13
    at async fetchAndParseTransactions (/Users/erfanesfahanian/WebstormProjects/walletwithfront/index.js:274:24)
    at async getTransactions (/Users/erfanesfahanian/WebstormProjects/walletwithfront/index.js:475:3)
    at async main (/Users/erfanesfahanian/WebstormProjects/walletwithfront/index.js:645:7) {
  [cause]: SocketError: other side closed
      at TLSSocket.<anonymous> (node:internal/deps/undici/undici:6020:28)
      at TLSSocket.emit (node:events:532:35)
      at endReadableNT (node:internal/streams/readable:1696:12)
      at process.processTicksAndRejections (node:internal/process/task_queues:82:21) {
    code: 'UND_ERR_SOCKET',
    socket: {
      localAddress: '192.168.1.50',
      localPort: 52093,
      remoteAddress: '188.114.99.0',
      remotePort: 443,
      remoteFamily: 'IPv4',
      timeout: undefined,
      bytesWritten: 288,
      bytesRead: 0
    }
  }
}

stderr: TypeError: fetch failed
    at node:internal/deps/undici/undici:13178:13
    at process.processTicksAndRejections (node:internal/process/task_queues:95:5)
    at async fetchAndParseTransactions (/Users/erfanesfahanian/WebstormProjects/walletwithfront/index.js:274:24)
    at async getTransactions (/Users/erfanesfahanian/WebstormProjects/walletwithfront/index.js:475:3)
    at async main (/Users/erfanesfahanian/WebstormProjects/walletwithfront/index.js:645:7) {
  [cause]: ConnectTimeoutError: Connect Timeout Error (attempted addresses: 188.114.99.0:443)
      at onConnectTimeout (node:internal/deps/undici/undici:2331:28)
      at node:internal/deps/undici/undici:2283:50
      at Immediate._onImmediate (node:internal/deps/undici/undici:2315:13)
      at process.processImmediate (node:internal/timers:483:21) {
    code: 'UND_ERR_CONNECT_TIMEOUT'
  }
}

stderr: TypeError: fetch failed
    at node:internal/deps/undici/undici:13178:13
    at async fetchAndParseTransactions (/Users/erfanesfahanian/WebstormProjects/walletwithfront/index.js:274:24)
    at async getTransactions (/Users/erfanesfahanian/WebstormProjects/walletwithfront/index.js:475:3)
    at async main (/Users/erfanesfahanian/WebstormProjects/walletwithfront/index.js:645:7) {
  [cause]: SocketError: other side closed
      at TLSSocket.<anonymous> (node:internal/deps/undici/undici:6020:28)
      at TLSSocket.emit (node:events:532:35)
      at endReadableNT (node:internal/streams/readable:1696:12)
      at process.processTicksAndRejections (node:internal/process/task_queues:82:21) {
    code: 'UND_ERR_SOCKET',
    socket: {
      localAddress: '192.168.1.50',
      localPort: 52113,
      remoteAddress: '188.114.99.0',
      remotePort: 443,
      remoteFamily: 'IPv4',
      timeout: undefined,
      bytesWritten: 288,
      bytesRead: 0
    }
  }
}


stdout: Processing wallet (group 0): ANNH8hrZ7fz7PRh491mHPbsJMdPW3UJT1LWGsbHDTMfg
stdout: Processing wallet address: ANNH8hrZ7fz7PRh491mHPbsJMdPW3UJT1LWGsbHDTMfg
{}
{}
Total Transaction: 0
Win Rate: 0% (0/0)
Total PnL: 0.00$

Processing wallet (group 0): EWrWLubcfwTLpN4s3sUZCvUkYR57YxzAhqSfKXTiudvg
stdout: Processing wallet address: EWrWLubcfwTLpN4s3sUZCvUkYR57YxzAhqSfKXTiudvg
{
  jinx: [
    {
      timestamp: 1723417740,
      token_amount: 15426450.478481,
      amount: 2.372085631,
      usdBalance: 328.443767378796,
      sp: 1
    },
    {
      timestamp: 1723417380,
      token_amount: 15426450.478481,
      amount: 2,
      usdBalance: 276.92403940774597,
      sp: -1
    }
  ],
  Grok: [
    {
      timestamp: 1723416420,
      token_amount: 3347328.685524,
      amount: 2,
      usdBalance: 276.92403940774597,
      sp: -1
    },
    {
      timestamp: 1723416180,
      token_amount: 2353281.749498,
      amount: 2,
      usdBalance: 276.92403940774597,
      sp: -1
    },
    {
      timestamp: 1723416180,
      token_amount: 2155477.346306,
      amount: 2,
      usdBalance: 276.92403940774597,
      sp: -1
    }
  ]
}
{ jinx: 51.51972797105003, Grok: -830.7721182232378 }
Total Transaction: 5
Win Rate: 50.0% (1/2)
Total PnL: -779.25$

Processing wallet (group 0): EdspfxJH1CDQtwb4Ynt41MX2XcSdAKmBbkhsySyvcwaF
stdout: Processing wallet address: EdspfxJH1CDQtwb4Ynt41MX2XcSdAKmBbkhsySyvcwaF
{}
{}
Total Transaction: 0
Win Rate: 0% (0/0)
Total PnL: 0.00$

Processing wallet (group 0): 2Z7PRSLfM6AFa3CUG6wxfHW2Mnh7LPgmsxak7nbmPwM7
stdout: Processing wallet address: 2Z7PRSLfM6AFa3CUG6wxfHW2Mnh7LPgmsxak7nbmPwM7
{}
{}
Total Transaction: 0
Win Rate: 0% (0/0)
Total PnL: 0.00$

Processing wallet (group 0): Gq3DKV43Bge1pt2ENXb3Rm7BNpc5Q4SvnCsiH3cy5nzN
stdout: Processing wallet address: Gq3DKV43Bge1pt2ENXb3Rm7BNpc5Q4SvnCsiH3cy5nzN
{}
{}
Total Transaction: 0
Win Rate: 0% (0/0)
Total PnL: 0.00$

Processing wallet (group 0): GwVFnqCPUAa33bFX8wFCGsTcRk8eJupgiPLqcHQtc6NS
stdout: Processing wallet address: GwVFnqCPUAa33bFX8wFCGsTcRk8eJupgiPLqcHQtc6NS
{}
{}
Total Transaction: 0
Win Rate: 0% (0/0)
Total PnL: 0.00$

Processing wallet (group 0): FjMnS9nnXEzoFPvQrDoTSUHjh9u8rDemweZXxrkbdnSk
stdout: Processing wallet address: FjMnS9nnXEzoFPvQrDoTSUHjh9u8rDemweZXxrkbdnSk
{}
{}
Total Transaction: 0
Win Rate: 0% (0/0)
Total PnL: 0.00$

Processing wallet (group 0): HQDo93gMFZf2959ETXVBRuviNn5fEXXW3Jcjv3dvtoyC
stdout: Processing wallet address: HQDo93gMFZf2959ETXVBRuviNn5fEXXW3Jcjv3dvtoyC
{}
{}
Total Transaction: 0
Win Rate: 0% (0/0)
Total PnL: 0.00$

Processing wallet (group 0): 8EJFSQjPyBN3u7Ds6TMnchCzNvTRZsWK5FGme3s5y9Q6
stdout: Processing wallet address: 8EJFSQjPyBN3u7Ds6TMnchCzNvTRZsWK5FGme3s5y9Q6
{}
{}
Total Transaction: 0
Win Rate: 0% (0/0)
Total PnL: 0.00$

Processing wallet (group 0): 3V6yjrjVXU8m7nVrQKRqpCBZhsBvZ4EXhL5chADYQFLB
stdout: Processing wallet address: 3V6yjrjVXU8m7nVrQKRqpCBZhsBvZ4EXhL5chADYQFLB
{}
{}
Total Transaction: 0
Win Rate: 0% (0/0)
Total PnL: 0.00$

Processing wallet (group 0): DZj1LNZGNEDMiCJUkStncZbBRQC3erzCaQsuTX8sN5Jx
stdout: Processing wallet address: DZj1LNZGNEDMiCJUkStncZbBRQC3erzCaQsuTX8sN5Jx
{}
{}
Total Transaction: 0
Win Rate: 0% (0/0)
Total PnL: 0.00$

Processing wallet (group 0): 7Nm7s6TwhrnGfpL3wZ2FkrkgFjEznH9ozn5YHEr8m1oh
stdout: Processing wallet address: 7Nm7s6TwhrnGfpL3wZ2FkrkgFjEznH9ozn5YHEr8m1oh
{}
{}
Total Transaction: 0
Win Rate: 0% (0/0)
Total PnL: 0.00$

Processing wallet (group 0): G9Rsdp3ZNosSEFF3ym5t4FvfTvfKq1hvGW1npdwn265Q
stdout: Processing wallet address: G9Rsdp3ZNosSEFF3ym5t4FvfTvfKq1hvGW1npdwn265Q
{}
{}
Total Transaction: 0
Win Rate: 0% (0/0)
Total PnL: 0.00$

Processing wallet (group 0): Fq8CxaXJ3t9ojtSrX94NSPjzfhHXbsxtFT77fGmmtFNx
stdout: Processing wallet address: Fq8CxaXJ3t9ojtSrX94NSPjzfhHXbsxtFT77fGmmtFNx
No more transactions available.
{}
{}
Total Transaction: 0
Win Rate: 0% (0/0)
Total PnL: 0.00$

Processing wallet (group 0): FtmrYcpqHTdGagKZNqAZujCSrnCV7Ye5sYbvbFmEvaaK
stdout: Processing wallet address: FtmrYcpqHTdGagKZNqAZujCSrnCV7Ye5sYbvbFmEvaaK
{}
{}
Total Transaction: 0
Win Rate: 0% (0/0)
Total PnL: 0.00$

Processing wallet (group 0): 6DekZLUEC4H2Le2NzZGjsB21VUPYhWF7ob7xZ2LeQz9h
stdout: Processing wallet address: 6DekZLUEC4H2Le2NzZGjsB21VUPYhWF7ob7xZ2LeQz9h
{
  MEOX: [
    {
      timestamp: 1723910520,
      token_amount: 695847.65,
      amount: 0.000100131,
      usdBalance: 0.013864340494968505,
      sp: 1
    }
  ],
  '$Cilly': [
    {
      timestamp: 1723348500,
      token_amount: 76578.060164,
      amount: 0.001640715,
      usdBalance: 0.22717671265843997,
      sp: 1
    }
  ],
  ducke: [
    {
      timestamp: 1723348500,
      token_amount: 138429.730531,
      amount: 0.004425874,
      usdBalance: 0.6128154529948591,
      sp: 1
    }
  ],
  ALPHA: [
    {
      timestamp: 1723306380,
      token_amount: 755422.100169,
      amount: 0.013607721,
      usdBalance: 1.884152533226806,
      sp: 1
    }
  ]
}
{
  MEOX: 0.013864340494968505,
  '$Cilly': 0.22717671265843997,
  ducke: 0.6128154529948591,
  ALPHA: 1.884152533226806
}
Total Transaction: 4
Win Rate: 0.0% (0/4)
Total PnL: 2.74$

Processing wallet (group 0): BmevfzoFewn6vdVaw8oFEHVsVdsXqSLf6yihnv1UPFLB
stdout: Processing wallet address: BmevfzoFewn6vdVaw8oFEHVsVdsXqSLf6yihnv1UPFLB
{}
{}
Total Transaction: 0
Win Rate: 0% (0/0)
Total PnL: 0.00$

Processing wallet (group 0): Fq8CxaXJ3t9ojtSrX94NSPjzfhHXbsxtFT77fGmmtFNx
stdout: Processing wallet address: Fq8CxaXJ3t9ojtSrX94NSPjzfhHXbsxtFT77fGmmtFNx
No more transactions available.
{
  sam: [
    {
      timestamp: 1723992240,
      token_amount: 285089.499385,
      amount: 0.06971196,
      usdBalance: 9.652458779115605,
      sp: 1
    }
  ],
  CBC: [
    {
      timestamp: 1723992240,
      token_amount: 3541559.437785,
      amount: 0.068889456,
      usdBalance: 9.538573214061092,
      sp: 1
    }
  ],
  ZEEBLE: [
    {
      timestamp: 1723992240,
      token_amount: 4309613.883638,
      amount: 0.071892386,
      usdBalance: 9.954364966890443,
      sp: 1
    }
  ],
  NORTH: [
    {
      timestamp: 1723992240,
      token_amount: 8229933.300076549,
      amount: 0.07545399,
      usdBalance: 10.447511850115834,
      sp: 1
    }
  ],
  meme: [
    {
      timestamp: 1723992240,
      token_amount: 2490674.226865,
      amount: 0.067400867,
      usdBalance: 9.332460174612123,
      sp: 1
    }
  ],
  TWUMP: [
    {
      timestamp: 1723992240,
      token_amount: 4223380.534161,
      amount: 0.072921293,
      usdBalance: 10.096829508197894,
      sp: 1
    }
  ],
  JUSTIN: [
    {
      timestamp: 1723992240,
      token_amount: 1207907.936633,
      amount: 0.067681953,
      usdBalance: 9.371379909882606,
      sp: 1
    }
  ],
  Munchy: [
    {
      timestamp: 1723992240,
      token_amount: 2815251.002653653,
      amount: 0.065295274,
      usdBalance: 9.040915515157785,
      sp: 1
    }
  ],
  '$PEPEWIZ': [
    {
      timestamp: 1723992240,
      token_amount: 5406678.496531708,
      amount: 0.068480561,
      usdBalance: 9.481956786514274,
      sp: 1
    }
  ],
  Milliway: [
    {
      timestamp: 1723992180,
      token_amount: 17125106.884538,
      amount: 0.187577397,
      usdBalance: 25.972345239415205,
      sp: 1
    }
  ],
  DOOM: [
    {
      timestamp: 1723992180,
      token_amount: 5095847.780665,
      amount: 0.086724422,
      usdBalance: 12.008038627770995,
      sp: 1
    }
  ],
  UDAWG: [
    {
      timestamp: 1723992180,
      token_amount: 6848477.844865456,
      amount: 0.325495043,
      usdBalance: 45.06870105737898,
      sp: 1
    }
  ],
  CARLO: [
    {
      timestamp: 1723992180,
      token_amount: 5541221.661108901,
      amount: 0.388947317,
      usdBalance: 53.85443107022253,
      sp: 1
    }
  ],
  MIYAW: [
    {
      timestamp: 1723992180,
      token_amount: 68392136.582254,
      amount: 1.459031193,
      usdBalance: 202.0204057937313,
      sp: 1
    }
  ],
  BOO: [
    {
      timestamp: 1723992180,
      token_amount: 7881947.79961,
      amount: 0.130864411,
      usdBalance: 18.119750654417736,
      sp: 1
    },
    {
      timestamp: 1723721280,
      token_amount: 4447999.529416,
      amount: 0.080860309,
      usdBalance: 11.196081698019258,
      sp: 1
    }
  ],
  coge: [
    {
      timestamp: 1723992180,
      token_amount: 4693935.07291,
      amount: 0.097960511,
      usdBalance: 13.563810204283467,
      sp: 1
    }
  ],
  BOMECN: [
    {
      timestamp: 1723992180,
      token_amount: 1522037.673109257,
      amount: 0.077076021,
      usdBalance: 10.672101538398127,
      sp: 1
    },
    {
      timestamp: 1723992180,
      token_amount: 1522037.673109257,
      amount: 0.077076021,
      usdBalance: 10.672101538398127,
      sp: 1
    }
  ],
  ALIGATO: [
    {
      timestamp: 1723992180,
      token_amount: 5039495.791342313,
      amount: 0.114841813,
      usdBalance: 15.901229374434497,
      sp: 1
    }
  ],
  DOGSOL: [
    {
      timestamp: 1723992180,
      token_amount: 449344.195731,
      amount: 0.601279272,
      usdBalance: 83.2543424071944,
      sp: 1
    }
  ],
  HAM: [
    {
      timestamp: 1723879800,
      token_amount: 13163789.968679294,
      amount: 0.398320037,
      usdBalance: 55.152196811541415,
      sp: 1
    }
  ],
  LUMA: [
    {
      timestamp: 1723879800,
      token_amount: 1893809.403034,
      amount: 0.63377374,
      usdBalance: 87.75359207567728,
      sp: 1
    }
  ],
  SDOGE: [
    {
      timestamp: 1723723320,
      token_amount: 554843.18304,
      amount: 0.441412166,
      usdBalance: 61.11882002622125,
      sp: 1
    }
  ],
  COSMO: [
    {
      timestamp: 1723721280,
      token_amount: 3902749.236532,
      amount: 0.074987045,
      usdBalance: 10.38285770232521,
      sp: 1
    }
  ],
  MCAT: [
    {
      timestamp: 1723721280,
      token_amount: 10124508.468804214,
      amount: 0.078230602,
      usdBalance: 10.831967155569844,
      sp: 1
    }
  ],
  GOGO: [
    {
      timestamp: 1723721280,
      token_amount: 5095847.781232,
      amount: 0.086356233,
      usdBalance: 11.957058435198247,
      sp: 1
    }
  ],
  BOBE: [
    {
      timestamp: 1723721280,
      token_amount: 2061446.815467,
      amount: 0.086409529,
      usdBalance: 11.964437907000384,
      sp: 1
    }
  ],
  BEFORT: [
    {
      timestamp: 1723721280,
      token_amount: 2880191.37127,
      amount: 0.059263905,
      usdBalance: 8.205799981838457,
      sp: 1
    }
  ],
  MARI: [
    {
      timestamp: 1723721280,
      token_amount: 1498122653.316646,
      amount: 0.074298023,
      usdBalance: 10.28745432458481,
      sp: 1
    }
  ],
  BODENT: [
    {
      timestamp: 1723721280,
      token_amount: 13364118.610943077,
      amount: 0.075232704,
      usdBalance: 10.416872143623644,
      sp: 1
    }
  ],
  Guardian: [
    {
      timestamp: 1723721280,
      token_amount: 4789332.177531,
      amount: 0.08499591,
      usdBalance: 11.768705365168614,
      sp: 1
    }
  ],
  TENANT: [
    {
      timestamp: 1723721280,
      token_amount: 189237.668495,
      amount: 0.096395303,
      usdBalance: 13.347088343346806,
      sp: 1
    }
  ],
  TOPGAI: [
    {
      timestamp: 1723721220,
      token_amount: 29469811.465991,
      amount: 0.095499044,
      usdBalance: 13.222990512029034,
      sp: 1
    }
  ],
  ROACHES: [
    {
      timestamp: 1723721220,
      token_amount: 30419130.16532311,
      amount: 0.095724828,
      usdBalance: 13.254253020685852,
      sp: 1
    }
  ],
  BOBO: [
    {
      timestamp: 1723721220,
      token_amount: 8951304.710295968,
      amount: 0.129110332,
      usdBalance: 17.87687733335758,
      sp: 1
    }
  ],
  WINKY: [
    {
      timestamp: 1723721220,
      token_amount: 5169705.053101,
      amount: 0.096624343,
      usdBalance: 13.378801684339782,
      sp: 1
    }
  ],
  Truthcoin: [
    {
      timestamp: 1723721220,
      token_amount: 4622589.936452,
      amount: 0.094600333,
      usdBalance: 13.098553171838946,
      sp: 1
    }
  ],
  nini: [
    {
      timestamp: 1723721220,
      token_amount: 491020.403408,
      amount: 0.674699484,
      usdBalance: 93.42025324780094,
      sp: 1
    }
  ],
  shadow: [
    {
      timestamp: 1723632360,
      token_amount: 3896567.414952,
      amount: 2.325974275,
      usdBalance: 322.0590958957517,
      sp: 1
    }
  ],
  UBU: [
    {
      timestamp: 1723615260,
      token_amount: 10337186.618545683,
      amount: 0.111218722,
      usdBalance: 15.399568877003572,
      sp: 1
    }
  ],
  LANDWU: [
    {
      timestamp: 1723615260,
      token_amount: 8269324.274543946,
      amount: 0.183993219,
      usdBalance: 25.47607271455702,
      sp: 1
    }
  ],
  Kuku: [
    {
      timestamp: 1723615260,
      token_amount: 5177526.334753,
      amount: 0.101115644,
      usdBalance: 14.000676291897806,
      sp: 1
    }
  ],
  ZAIP: [
    {
      timestamp: 1723615260,
      token_amount: 11999931.80268244,
      amount: 0.154227444,
      usdBalance: 21.354643390005965,
      sp: 1
    }
  ],
  FUFU: [
    {
      timestamp: 1723615260,
      token_amount: 3777667.119566,
      amount: 0.182540131,
      usdBalance: 25.274875215269553,
      sp: 1
    }
  ],
  BEBE: [
    {
      timestamp: 1723615260,
      token_amount: 53030840.38937378,
      amount: 0.16782417,
      usdBalance: 23.237273533326128,
      sp: 1
    }
  ],
  CC: [
    {
      timestamp: 1723615260,
      token_amount: 4886702.128339,
      amount: 0.106324761,
      usdBalance: 14.721941152591587,
      sp: 1
    }
  ],
  SPB: [
    {
      timestamp: 1723615260,
      token_amount: 4474230.916546,
      amount: 0.10502893,
      usdBalance: 14.542517775136696,
      sp: 1
    }
  ],
  PEPEDZILLA: [
    {
      timestamp: 1723615260,
      token_amount: 16116560.877091749,
      amount: 0.155442249,
      usdBalance: 21.52284774385233,
      sp: 1
    }
  ],
  TAYSWAP: [
    {
      timestamp: 1723615260,
      token_amount: 84775355.72056198,
      amount: 0.371392836,
      usdBalance: 51.42380217610927,
      sp: 1
    }
  ],
  APPA: [
    {
      timestamp: 1723615260,
      token_amount: 34605677.41264021,
      amount: 0.243363751,
      usdBalance: 33.69663648617043,
      sp: 1
    }
  ],
  X: [
    {
      timestamp: 1723615260,
      token_amount: 7894732.593176,
      amount: 0.188637369,
      usdBalance: 26.11911110336476,
      sp: 1
    }
  ],
  GSAFE: [
    {
      timestamp: 1723615260,
      token_amount: 74973819.59648871,
      amount: 0.316331549,
      usdBalance: 43.79990517059466,
      sp: 1
    }
  ],
  HAPPY: [
    {
      timestamp: 1723615260,
      token_amount: 45536481.8120416,
      amount: 0.288630204,
      usdBalance: 39.96432099338088,
      sp: 1
    }
  ],
  '$LAPPED': [
    {
      timestamp: 1723615260,
      token_amount: 5614908.196932614,
      amount: 0.229894541,
      usdBalance: 31.831662465754835,
      sp: 1
    }
  ],
  CPAW: [
    {
      timestamp: 1723615260,
      token_amount: 2288847.487081082,
      amount: 0.204013802,
      usdBalance: 28.248163072386042,
      sp: 1
    }
  ],
  MEEMO: [
    {
      timestamp: 1723615260,
      token_amount: 882510.190386,
      amount: 0.244116775,
      usdBalance: 33.80090171009593,
      sp: 1
    }
  ],
  '$PAWS': [
    {
      timestamp: 1723615260,
      token_amount: 1340975.629666419,
      amount: 0.395716437,
      usdBalance: 54.791697097040405,
      sp: 1
    }
  ]
}
{
  sam: 9.652458779115605,
  CBC: 9.538573214061092,
  ZEEBLE: 9.954364966890443,
  NORTH: 10.447511850115834,
  meme: 9.332460174612123,
  TWUMP: 10.096829508197894,
  JUSTIN: 9.371379909882606,
  Munchy: 9.040915515157785,
  '$PEPEWIZ': 9.481956786514274,
  Milliway: 25.972345239415205,
  DOOM: 12.008038627770995,
  UDAWG: 45.06870105737898,
  CARLO: 53.85443107022253,
  MIYAW: 202.0204057937313,
  BOO: 29.315832352436992,
  coge: 13.563810204283467,
  BOMECN: 21.344203076796255,
  ALIGATO: 15.901229374434497,
  DOGSOL: 83.2543424071944,
  HAM: 55.152196811541415,
  LUMA: 87.75359207567728,
  SDOGE: 61.11882002622125,
  COSMO: 10.38285770232521,
  MCAT: 10.831967155569844,
  GOGO: 11.957058435198247,
  BOBE: 11.964437907000384,
  BEFORT: 8.205799981838457,
  MARI: 10.28745432458481,
  BODENT: 10.416872143623644,
  Guardian: 11.768705365168614,
  TENANT: 13.347088343346806,
  TOPGAI: 13.222990512029034,
  ROACHES: 13.254253020685852,
  BOBO: 17.87687733335758,
  WINKY: 13.378801684339782,
  Truthcoin: 13.098553171838946,
  nini: 93.42025324780094,
  shadow: 322.0590958957517,
  UBU: 15.399568877003572,
  LANDWU: 25.47607271455702,
  Kuku: 14.000676291897806,
  ZAIP: 21.354643390005965,
  FUFU: 25.274875215269553,
  BEBE: 23.237273533326128,
  CC: 14.721941152591587,
  SPB: 14.542517775136696,
  PEPEDZILLA: 21.52284774385233,
  TAYSWAP: 51.42380217610927,
  APPA: 33.69663648617043,
  X: 26.11911110336476,
  GSAFE: 43.79990517059466,
  HAPPY: 39.96432099338088,
  '$LAPPED': 31.831662465754835,
  CPAW: 28.248163072386042,
  MEEMO: 33.80090171009593,
  '$PAWS': 54.791697097040405
}
Total Transaction: 58
Win Rate: 3.6% (2/56)
Total PnL: 1897.92$

Processing wallet (group 0): 9LAccPnwKVSgxn2KcaYKJJrXAbX73TpJ4rPkhjoMAnJ6
stdout: Processing wallet address: 9LAccPnwKVSgxn2KcaYKJJrXAbX73TpJ4rPkhjoMAnJ6
{
  wDOG: [
    {
      timestamp: 1723400460,
      token_amount: 136108.26213,
      amount: 15.997793497,
      usdBalance: 2215.086798400105,
      sp: 1
    },
    {
      timestamp: 1723395240,
      token_amount: 136108.26213,
      amount: 15.6,
      usdBalance: 2160.0075073804187,
      sp: -1
    },
    {
      timestamp: 1723238400,
      token_amount: 429034.852749,
      amount: 42.923700308,
      usdBalance: 5943.302237809435,
      sp: 1
    },
    {
      timestamp: 1723235820,
      token_amount: 101010.56513,
      amount: 12,
      usdBalance: 1661.5442364464757,
      sp: -1
    }
  ],
  coconut: [
    {
      timestamp: 1723394220,
      token_amount: 302341.067131,
      amount: 10.47409564,
      usdBalance: 1450.26443688593,
      sp: 1
    },
    {
      timestamp: 1723382220,
      token_amount: 341373.286504,
      amount: 11.6,
      usdBalance: 1606.1594285649267,
      sp: -1
    },
    {
      timestamp: 1723381920,
      token_amount: 660967.780627,
      amount: 22,
      usdBalance: 3046.164433485206,
      sp: -1
    }
  ],
  USDC: [
    {
      timestamp: 1723394220,
      token_amount: 2509.919494,
      amount: 16.747744124,
      usdBalance: 2318.926476892711,
      sp: 1
    }
  ],
  Minion: [
    {
      timestamp: 1723294620,
      token_amount: 803712.01156,
      amount: 2.5,
      usdBalance: 346.15504925968247,
      sp: -1
    },
    {
      timestamp: 1723246980,
      token_amount: 2500000,
      amount: 9.077342601,
      usdBalance: 1256.8671900784675,
      sp: 1
    },
    {
      timestamp: 1723241400,
      token_amount: 1214358.254894,
      amount: 6,
      usdBalance: 830.7721182232378,
      sp: -1
    },
    {
      timestamp: 1723235100,
      token_amount: 1529958.065904,
      amount: 7,
      usdBalance: 969.2341379271109,
      sp: -1
    },
    {
      timestamp: 1723234440,
      token_amount: 330994.0126,
      amount: 1.5,
      usdBalance: 207.69302955580946,
      sp: -1
    },
    {
      timestamp: 1723231080,
      token_amount: 1762257.923639,
      amount: 9.29,
      usdBalance: 1286.31216304898,
      sp: -1
    },
    {
      timestamp: 1723224120,
      token_amount: 2713679.941203,
      amount: 4.17811617,
      usdBalance: 578.5104034556103,
      sp: 1
    },
    {
      timestamp: 1723219920,
      token_amount: 2713679.941203,
      amount: 6.7,
      usdBalance: 927.695532015949,
      sp: -1
    }
  ],
  FKH: [
    {
      timestamp: 1723254420,
      token_amount: 283325.257516,
      amount: 1.2,
      usdBalance: 166.15442364464758,
      sp: -1
    },
    {
      timestamp: 1723254360,
      token_amount: 2053699.566053,
      amount: 8.99,
      usdBalance: 1244.7735571378182,
      sp: -1
    },
    {
      timestamp: 1723253520,
      token_amount: 165106.154943,
      amount: 1,
      usdBalance: 138.46201970387298,
      sp: -1
    },
    {
      timestamp: 1723253340,
      token_amount: 474072.273433,
      amount: 3,
      usdBalance: 415.3860591116189,
      sp: -1
    },
    {
      timestamp: 1723253160,
      token_amount: 1054576.487556,
      amount: 6.9,
      usdBalance: 955.3879359567236,
      sp: -1
    }
  ],
  FWOG: [
    {
      timestamp: 1723219380,
      token_amount: 77384.757131,
      amount: 13.807283022,
      usdBalance: 1911.7842938491149,
      sp: 1
    },
    {
      timestamp: 1723217880,
      token_amount: 77384.757131,
      amount: 13.2,
      usdBalance: 1827.6986600911232,
      sp: -1
    }
  ],
  FUKU: [
    {
      timestamp: 1723218600,
      token_amount: 1013962.520018,
      amount: 2.605687167,
      usdBalance: 360.78870785928297,
      sp: 1
    },
    {
      timestamp: 1723216740,
      token_amount: 1013962.520018,
      amount: 3.5,
      usdBalance: 484.6170689635554,
      sp: -1
    }
  ]
}
{
  wDOG: 4336.837292382646,
  coconut: 56.882440863726515,
  USDC: 2318.926476892711,
  Minion: -843.9995457013154,
  FKH: -2920.163995554681,
  FWOG: 84.08563375799167,
  FUKU: -123.82836110427246
}
Total Transaction: 25
Win Rate: 14.3% (1/7)
Total PnL: 2908.74$

Processing wallet (group 0): j1oeQoPeuEDmjvyMwBmCWexzCQup77kbKKxV59CnYbd
stdout: Processing wallet address: j1oeQoPeuEDmjvyMwBmCWexzCQup77kbKKxV59CnYbd

Processing wallet (group 0): 8UfjDPSFRavHidTuQesnpEFK6jDYb1Rj49b2fVxza2mf
stdout: Processing wallet address: 8UfjDPSFRavHidTuQesnpEFK6jDYb1Rj49b2fVxza2mf

Processing wallet (group 0): VFJi22bgz1ir6an1jDvty9nbyrRhBm3SQkrpuXpQvNd
stdout: Processing wallet address: VFJi22bgz1ir6an1jDvty9nbyrRhBm3SQkrpuXpQvNd

Processing wallet (group 0): 8HWKSxun9CWhhmig7VnFS855jEqd7L3ZELEofVWHPiK1
stdout: Processing wallet address: 8HWKSxun9CWhhmig7VnFS855jEqd7L3ZELEofVWHPiK1

Processing wallet (group 0): 9cMCZ5sbCWjX8XeaN2K3Ei1VGiBg9Wx4HR6F2oySakxi
stdout: Processing wallet address: 9cMCZ5sbCWjX8XeaN2K3Ei1VGiBg9Wx4HR6F2oySakxi

Processing wallet (group 0): DMqibTACAF4piJjA92Kuim7pxzuNGFizmuZ5KTtttnx8
stdout: Processing wallet address: DMqibTACAF4piJjA92Kuim7pxzuNGFizmuZ5KTtttnx8
{
  '333': [
    {
      timestamp: 1723318800,
      token_amount: 12593105.372833,
      amount: 3.3129829,
      usdBalance: 458.7223035783943,
      sp: 1
    }
  ],
  'r/Limmy': [
    {
      timestamp: 1723934340,
      token_amount: 16533138.082004,
      amount: 5.851492087,
      usdBalance: 810.2094126472508,
      sp: 1
    },
    {
      timestamp: 1723934280,
      token_amount: 16533138.082004,
      amount: 4.95,
      usdBalance: 685.3869975341713,
      sp: -1
    }
  ],
  COLON: [
    {
      timestamp: 1723923960,
      token_amount: 20629667.527245,
      amount: 3.336839983,
      usdBalance: 462.02560347481716,
      sp: 1
    },
    {
      timestamp: 1723923780,
      token_amount: 20629667.527245,
      amount: 4.95,
      usdBalance: 685.3869975341713,
      sp: -1
    },
    {
      timestamp: 1723697040,
      token_amount: 13916875.490119,
      amount: 8.95488376,
      usdBalance: 1239.9112916230122,
      sp: 1
    },
    {
      timestamp: 1723696500,
      token_amount: 4422364.37567,
      amount: 4.95,
      usdBalance: 685.3869975341713,
      sp: -1
    },
    {
      timestamp: 1723696380,
      token_amount: 3458492.887066,
      amount: 4.95,
      usdBalance: 685.3869975341713,
      sp: -1
    },
    {
      timestamp: 1723696080,
      token_amount: 6036018.227383,
      amount: 4.95,
      usdBalance: 685.3869975341713,
      sp: -1
    },
    {
      timestamp: 1723694760,
      token_amount: 18364227.168623,
      amount: 11.244518997,
      usdBalance: 1556.9388109231882,
      sp: 1
    },
    {
      timestamp: 1723694700,
      token_amount: 7687389.111274,
      amount: 4.95,
      usdBalance: 685.3869975341713,
      sp: -1
    },
    {
      timestamp: 1723694640,
      token_amount: 10676838.057349,
      amount: 4.95,
      usdBalance: 685.3869975341713,
      sp: -1
    }
  ],
  '$MUD': [
    {
      timestamp: 1723877520,
      token_amount: 15499643.012931,
      amount: 9.699650114,
      usdBalance: 1343.033145205342,
      sp: 1
    },
    {
      timestamp: 1723877160,
      token_amount: 15499643.012931,
      amount: 9.9,
      usdBalance: 1370.7739950683426,
      sp: -1
    }
  ],
  HORSE: [
    {
      timestamp: 1723840620,
      token_amount: 6122720.66426,
      amount: 16.302151551,
      usdBalance: 2257.2288292700855,
      sp: 1
    },
    {
      timestamp: 1723840440,
      token_amount: 1920885.729645,
      amount: 4.95,
      usdBalance: 685.3869975341713,
      sp: -1
    },
    {
      timestamp: 1723840260,
      token_amount: 2138307.191951,
      amount: 4.95,
      usdBalance: 685.3869975341713,
      sp: -1
    },
    {
      timestamp: 1723840140,
      token_amount: 2063527.742664,
      amount: 4.95,
      usdBalance: 685.3869975341713,
      sp: -1
    }
  ],
  LFG: [
    {
      timestamp: 1723788480,
      token_amount: 1842026.045777,
      amount: 4.95,
      usdBalance: 685.3869975341713,
      sp: -1
    }
  ],
  Mystery: [
    {
      timestamp: 1723778880,
      token_amount: 4273192.613599,
      amount: 5.585932389,
      usdBalance: 773.4394805102203,
      sp: 1
    }
  ],
  Anna: [
    {
      timestamp: 1723746900,
      token_amount: 24298162.009945,
      amount: 5.145860577,
      usdBalance: 712.5062486059571,
      sp: 1
    },
    {
      timestamp: 1723746840,
      token_amount: 24298162.009945,
      amount: 4.95,
      usdBalance: 685.3869975341713,
      sp: -1
    }
  ],
  GEN: [
    {
      timestamp: 1723745520,
      token_amount: 22236821.915425,
      amount: 1.690660993,
      usdBalance: 234.09233572533546,
      sp: 1
    },
    {
      timestamp: 1723745520,
      token_amount: 22236821.915425,
      amount: 4.95,
      usdBalance: 685.3869975341713,
      sp: -1
    }
  ],
  Dewy: [
    {
      timestamp: 1723745460,
      token_amount: 18133170.81713,
      amount: 5.113523966,
      usdBalance: 708.0288561365187,
      sp: 1
    },
    {
      timestamp: 1723745400,
      token_amount: 18133170.81713,
      amount: 4.95,
      usdBalance: 685.3869975341713,
      sp: -1
    }
  ],
  ACO: [
    {
      timestamp: 1723696020,
      token_amount: 5418617.462476,
      amount: 8.295923478,
      usdBalance: 1148.6703200726586,
      sp: 1
    }
  ],
  'C:\\': [
    {
      timestamp: 1723692780,
      token_amount: 12821591.018691,
      amount: 5,
      usdBalance: 692.3100985193649,
      sp: -1
    }
  ],
  CHAPPY: [
    {
      timestamp: 1723665480,
      token_amount: 17661957.393496,
      amount: 3.664197906,
      usdBalance: 507.35224265946215,
      sp: 1
    },
    {
      timestamp: 1723665480,
      token_amount: 17661957.393496,
      amount: 4.95,
      usdBalance: 685.3869975341713,
      sp: -1
    }
  ],
  QUARK: [
    {
      timestamp: 1723610040,
      token_amount: 8597403.928493,
      amount: 4.95,
      usdBalance: 685.3869975341713,
      sp: -1
    }
  ],
  Gussy: [
    {
      timestamp: 1723609320,
      token_amount: 5495911.41997,
      amount: 4.232528068,
      usdBalance: 586.0443847486114,
      sp: 1
    },
    {
      timestamp: 1723609200,
      token_amount: 5495911.41997,
      amount: 4.95,
      usdBalance: 685.3869975341713,
      sp: -1
    }
  ],
  Ninja: [
    {
      timestamp: 1723588680,
      token_amount: 11381340.37215,
      amount: 9.9,
      usdBalance: 1370.7739950683426,
      sp: -1
    }
  ],
  Bruh: [
    {
      timestamp: 1723587720,
      token_amount: 9583299.1787,
      amount: 4.95,
      usdBalance: 685.3869975341713,
      sp: -1
    }
  ],
  BEET: [
    {
      timestamp: 1723578600,
      token_amount: 13152783.982472,
      amount: 4.95,
      usdBalance: 685.3869975341713,
      sp: -1
    }
  ],
  socky: [
    {
      timestamp: 1723578240,
      token_amount: 16717062.520274,
      amount: 23.273707916,
      usdBalance: 3222.5246040473767,
      sp: 1
    },
    {
      timestamp: 1723577220,
      token_amount: 4218665.116074,
      amount: 4.95,
      usdBalance: 685.3869975341713,
      sp: -1
    },
    {
      timestamp: 1723576980,
      token_amount: 6827777.427165,
      amount: 9.9,
      usdBalance: 1370.7739950683426,
      sp: -1
    }
  ],
  hugi: [
    {
      timestamp: 1723576620,
      token_amount: 29549823.397636,
      amount: 3.022873091,
      usdBalance: 418.5531134883494,
      sp: 1
    }
  ],
  VAULT: [
    {
      timestamp: 1723575660,
      token_amount: 22857726.124081,
      amount: 11.691047709,
      usdBalance: 1618.766078242477,
      sp: 1
    },
    {
      timestamp: 1723575600,
      token_amount: 8081135.185645,
      amount: 9.9,
      usdBalance: 1370.7739950683426,
      sp: -1
    },
    {
      timestamp: 1723575540,
      token_amount: 8237046.772914,
      amount: 9.9,
      usdBalance: 1370.7739950683426,
      sp: -1
    }
  ],
  PIZZA: [
    {
      timestamp: 1723575180,
      token_amount: 48464800.80503703,
      amount: 47.949503215,
      usdBalance: 6639.185058946251,
      sp: 1
    },
    {
      timestamp: 1723575180,
      token_amount: 25873070.807474423,
      amount: 42.130631621,
      usdBalance: 5833.492345643516,
      sp: 1
    }
  ],
  DWK: [
    {
      timestamp: 1723575000,
      token_amount: 4414852.464789,
      amount: 19.8,
      usdBalance: 2741.5479901366853,
      sp: -1
    },
    {
      timestamp: 1723573500,
      token_amount: 5406680.937938,
      amount: 31.486131069,
      usdBalance: 4359.633300474605,
      sp: 1
    },
    {
      timestamp: 1723573020,
      token_amount: 2166120.942996,
      amount: 9.9,
      usdBalance: 1370.7739950683426,
      sp: -1
    },
    {
      timestamp: 1723572900,
      token_amount: 3240559.994942,
      amount: 19.8,
      usdBalance: 2741.5479901366853,
      sp: -1
    },
    {
      timestamp: 1723572120,
      token_amount: 1374090.685999,
      amount: 21.332343922,
      usdBalance: 2953.719424457759,
      sp: 1
    },
    {
      timestamp: 1723572120,
      token_amount: 1374090.685999,
      amount: 19.8,
      usdBalance: 2741.5479901366853,
      sp: -1
    }
  ],
  AKELA: [
    {
      timestamp: 1723573260,
      token_amount: 6317075.072055,
      amount: 9.986055147,
      usdBalance: 1382.6893645278763,
      sp: 1
    },
    {
      timestamp: 1723573260,
      token_amount: 6317075.072055,
      amount: 9.9,
      usdBalance: 1370.7739950683426,
      sp: -1
    }
  ],
  KHABY: [
    {
      timestamp: 1723572420,
      token_amount: 3485194.153601,
      amount: 4.923144809,
      usdBalance: 681.668573548778,
      sp: 1
    },
    {
      timestamp: 1723572360,
      token_amount: 3485194.153601,
      amount: 9.9,
      usdBalance: 1370.7739950683426,
      sp: -1
    }
  ],
  'Pietà': [
    {
      timestamp: 1723528860,
      token_amount: 28844069.32786,
      amount: 0.977535384,
      usdBalance: 135.35152360064103,
      sp: 1
    },
    {
      timestamp: 1723528140,
      token_amount: 28844069.32786,
      amount: 1.98,
      usdBalance: 274.1547990136685,
      sp: -1
    }
  ],
  MOONSHOT: [
    {
      timestamp: 1723517340,
      token_amount: 97624706.5362162,
      amount: 16.929220627,
      usdBalance: 2344.054080026887,
      sp: 1
    }
  ],
  IRIS: [
    {
      timestamp: 1723489140,
      token_amount: 4536141.983618,
      amount: 0.543269323,
      usdBalance: 75.22216770573573,
      sp: 1
    },
    {
      timestamp: 1723444920,
      token_amount: 777388.516941,
      amount: 1.982260479,
      usdBalance: 274.4677895015067,
      sp: 1
    },
    {
      timestamp: 1723444920,
      token_amount: 763463.006566,
      amount: 1.98163452,
      usdBalance: 274.38111795411487,
      sp: 1
    },
    {
      timestamp: 1723444860,
      token_amount: 776973.321719,
      amount: 1.975927621,
      usdBalance: 273.5909291923289,
      sp: 1
    },
    {
      timestamp: 1723444860,
      token_amount: 760263.039474,
      amount: 1.984691857,
      usdBalance: 274.80444301005025,
      sp: 1
    },
    {
      timestamp: 1723444860,
      token_amount: 774997.872199,
      amount: 1.979921668,
      usdBalance: 274.14395300674107,
      sp: 1
    },
    {
      timestamp: 1723444740,
      token_amount: 891226.4155,
      amount: 1.968917187,
      usdBalance: 272.6202503416882,
      sp: 1
    },
    {
      timestamp: 1723444680,
      token_amount: 913815.353689,
      amount: 1.976272364,
      usdBalance: 273.63866300438764,
      sp: 1
    },
    {
      timestamp: 1723444200,
      token_amount: 1345912.082019,
      amount: 1.714058809,
      usdBalance: 237.33204458535505,
      sp: 1
    },
    {
      timestamp: 1723444080,
      token_amount: 1156296.229581,
      amount: 1.974520486,
      usdBalance: 273.39609443823286,
      sp: 1
    },
    {
      timestamp: 1723443960,
      token_amount: 1230119.908953,
      amount: 1.974554722,
      usdBalance: 273.4008348239394,
      sp: 1
    },
    {
      timestamp: 1723443900,
      token_amount: 1162796.004641,
      amount: 1.967115753,
      usdBalance: 272.37082015168494,
      sp: 1
    },
    {
      timestamp: 1723443840,
      token_amount: 1334082.250898,
      amount: 2.036748804,
      usdBalance: 282.0123530312878,
      sp: 1
    },
    {
      timestamp: 1723441860,
      token_amount: 5474491.995265,
      amount: 3.988399233,
      usdBalance: 552.2418131865579,
      sp: 1
    }
  ],
  CATHAT: [
    {
      timestamp: 1723489140,
      token_amount: 34564124.374476,
      amount: 6.064158108,
      usdBalance: 839.6555794372971,
      sp: 1
    },
    {
      timestamp: 1723437300,
      token_amount: 34564124.374476,
      amount: 4.95,
      usdBalance: 685.3869975341713,
      sp: -1
    }
  ],
  sleepu: [
    {
      timestamp: 1723489080,
      token_amount: 14604383.732243,
      amount: 0.294587464,
      usdBalance: 40.789175244881974,
      sp: 1
    }
  ],
  SOLAMI: [
    {
      timestamp: 1723485900,
      token_amount: 4610951.049104,
      amount: 9.884317009,
      usdBalance: 1368.6024964594849,
      sp: 1
    },
    {
      timestamp: 1723485840,
      token_amount: 4610951.049104,
      amount: 9.9,
      usdBalance: 1370.7739950683426,
      sp: -1
    }
  ],
  ZAZA: [
    {
      timestamp: 1723483380,
      token_amount: 7743577.109669,
      amount: 8.109574516,
      usdBalance: 1122.8680664244182,
      sp: 1
    }
  ],
  FFA: [
    {
      timestamp: 1723481460,
      token_amount: 28241755.338896,
      amount: 5.392737297,
      usdBalance: 746.6892978750247,
      sp: 1
    },
    {
      timestamp: 1723481460,
      token_amount: 28241755.338896,
      amount: 4.95,
      usdBalance: 685.3869975341713,
      sp: -1
    }
  ],
  MASA: [
    {
      timestamp: 1723480740,
      token_amount: 45402976.226915,
      amount: 4.95,
      usdBalance: 685.3869975341713,
      sp: -1
    },
    {
      timestamp: 1723480740,
      token_amount: 17525856.102903,
      amount: 3.920153424,
      usdBalance: 542.7923606360931,
      sp: 1
    }
  ],
  tog: [
    {
      timestamp: 1723479600,
      token_amount: 5222046.731257,
      amount: 5.019003654,
      usdBalance: 694.9413828339584,
      sp: 1
    },
    {
      timestamp: 1723479540,
      token_amount: 5222046.731257,
      amount: 4.95,
      usdBalance: 685.3869975341713,
      sp: -1
    },
    {
      timestamp: 1723479480,
      token_amount: 10744468.730317,
      amount: 9.107744305,
      usdBalance: 1261.076671416747,
      sp: 1
    },
    {
      timestamp: 1723479300,
      token_amount: 5685106.584374,
      amount: 4.95,
      usdBalance: 685.3869975341713,
      sp: -1
    }
  ],
  WWNF: [
    {
      timestamp: 1723476840,
      token_amount: 4574005.338858,
      amount: 4.95,
      usdBalance: 685.3869975341713,
      sp: -1
    },
    {
      timestamp: 1723476780,
      token_amount: 3024063.61549,
      amount: 4.95,
      usdBalance: 685.3869975341713,
      sp: -1
    }
  ],
  TRUMPONX: [
    {
      timestamp: 1723476420,
      token_amount: 5434605.22228,
      amount: 10.377737287,
      usdBalance: 1436.9224647142114,
      sp: 1
    },
    {
      timestamp: 1723476120,
      token_amount: 2127704.634673,
      amount: 4.95,
      usdBalance: 685.3869975341713,
      sp: -1
    },
    {
      timestamp: 1723474500,
      token_amount: 3306900.587607,
      amount: 4.95,
      usdBalance: 685.3869975341713,
      sp: -1
    },
    {
      timestamp: 1723452420,
      token_amount: 1697069.476099,
      amount: 4.856925429,
      usdBalance: 672.4997044504398,
      sp: 1
    },
    {
      timestamp: 1723452420,
      token_amount: 1750434.715946,
      amount: 4.86040647,
      usdBalance: 672.9816964179718,
      sp: 1
    },
    {
      timestamp: 1723450500,
      token_amount: 989426.713104,
      amount: 5.308798306,
      usdBalance: 735.0669356492594,
      sp: 1
    },
    {
      timestamp: 1723450440,
      token_amount: 1377852.053885,
      amount: 5.58126133,
      usdBalance: 772.7927162469243,
      sp: 1
    },
    {
      timestamp: 1723450380,
      token_amount: 2450617.142259,
      amount: 4.95,
      usdBalance: 685.3869975341713,
      sp: -1
    },
    {
      timestamp: 1723450320,
      token_amount: 2610666.702448,
      amount: 4.95,
      usdBalance: 685.3869975341713,
      sp: -1
    },
    {
      timestamp: 1723450200,
      token_amount: 7852880.396346,
      amount: 4.95,
      usdBalance: 685.3869975341713,
      sp: -1
    }
  ],
  CRASH: [
    {
      timestamp: 1723470300,
      token_amount: 281011465.783994,
      amount: 10.06351397,
      usdBalance: 1393.414469604341,
      sp: 1
    }
  ],
  MFER: [
    {
      timestamp: 1723455960,
      token_amount: 59419012.639382,
      amount: 5.593321639,
      usdBalance: 774.4626109893171,
      sp: 1
    }
  ],
  PepeWifHat: [
    {
      timestamp: 1723455900,
      token_amount: 109907275.632507,
      amount: 6.010918354,
      usdBalance: 832.2838955699198,
      sp: 1
    }
  ],
  nub: [
    {
      timestamp: 1723439880,
      token_amount: 63007.402076762,
      amount: 4.95,
      usdBalance: 685.3869975341713,
      sp: -1
    },
    {
      timestamp: 1723404780,
      token_amount: 61780.285828757,
      amount: 4.95,
      usdBalance: 685.3869975341713,
      sp: -1
    },
    {
      timestamp: 1723337040,
      token_amount: 65152.841299778,
      amount: 4.95,
      usdBalance: 685.3869975341713,
      sp: -1
    },
    {
      timestamp: 1723332180,
      token_amount: 63419.837816376,
      amount: 4.95,
      usdBalance: 685.3869975341713,
      sp: -1
    },
    {
      timestamp: 1723329540,
      token_amount: 61625.200584915,
      amount: 4.95,
      usdBalance: 685.3869975341713,
      sp: -1
    },
    {
      timestamp: 1723329240,
      token_amount: 61882.995136529,
      amount: 4.95,
      usdBalance: 685.3869975341713,
      sp: -1
    }
  ],
  DUSK: [
    {
      timestamp: 1723437660,
      token_amount: 2646692042.586762,
      amount: 2.287469792,
      usdBalance: 316.7276874119182,
      sp: 1
    },
    {
      timestamp: 1723437600,
      token_amount: 2646692042.586762,
      amount: 4.95,
      usdBalance: 685.3869975341713,
      sp: -1
    }
  ],
  Shibatomo: [
    {
      timestamp: 1723435080,
      token_amount: 105407978.12008,
      amount: 11.028574645,
      usdBalance: 1527.0387198016242,
      sp: 1
    },
    {
      timestamp: 1723434960,
      token_amount: 105407978.120079,
      amount: 10.323672542,
      usdBalance: 1429.4365509267366,
      sp: 1
    },
    {
      timestamp: 1723434960,
      token_amount: 38732610.511249,
      amount: 4.983730506,
      usdBalance: 690.0573915205648,
      sp: 1
    },
    {
      timestamp: 1723434960,
      token_amount: 29727536.844197,
      amount: 4.159978269,
      usdBalance: 575.9989930499614,
      sp: 1
    },
    {
      timestamp: 1723434960,
      token_amount: 23591889.150999,
      amount: 4.295257307,
      usdBalance: 594.7300018750384,
      sp: 1
    },
    {
      timestamp: 1723434960,
      token_amount: 21003136.138124,
      amount: 5.159552455,
      usdBalance: 714.4020536873762,
      sp: 1
    },
    {
      timestamp: 1723434960,
      token_amount: 16850017.255656,
      amount: 4.375783854,
      usdBalance: 605.8798702124373,
      sp: 1
    },
    {
      timestamp: 1723434960,
      token_amount: 21399592.099399,
      amount: 6.543581795,
      usdBalance: 906.0375514331945,
      sp: 1
    },
    {
      timestamp: 1723434960,
      token_amount: 11093015.000055,
      amount: 4.900634612,
      usdBalance: 678.5517662082259,
      sp: 1
    },
    {
      timestamp: 1723434900,
      token_amount: 13748799.40628,
      amount: 4.568910413,
      usdBalance: 632.6205636300365,
      sp: 1
    },
    {
      timestamp: 1723434900,
      token_amount: 400446101.554112,
      amount: 19.8,
      usdBalance: 2741.5479901366853,
      sp: -1
    }
  ],
  ANDY: [
    {
      timestamp: 1723429980,
      token_amount: 953534.539697122,
      amount: 45.418337143,
      usdBalance: 6288.714692411212,
      sp: 1
    },
    {
      timestamp: 1723415700,
      token_amount: 207368.067851548,
      amount: 9.9,
      usdBalance: 1370.7739950683426,
      sp: -1
    },
    {
      timestamp: 1723415580,
      token_amount: 193530.709154268,
      amount: 9.9,
      usdBalance: 1370.7739950683426,
      sp: -1
    },
    {
      timestamp: 1723415400,
      token_amount: 191254.080340359,
      amount: 9.9,
      usdBalance: 1370.7739950683426,
      sp: -1
    },
    {
      timestamp: 1723415100,
      token_amount: 361381.682350947,
      amount: 19.8,
      usdBalance: 2741.5479901366853,
      sp: -1
    },
    {
      timestamp: 1723237080,
      token_amount: 793910.980018302,
      amount: 48.89014262,
      usdBalance: 6769.4278907756,
      sp: 1
    },
    {
      timestamp: 1723234740,
      token_amount: 442916.573317121,
      amount: 19.8,
      usdBalance: 2741.5479901366853,
      sp: -1
    },
    {
      timestamp: 1723234680,
      token_amount: 350994.406701181,
      amount: 19.8,
      usdBalance: 2741.5479901366853,
      sp: -1
    }
  ],
  suicide: [
    {
      timestamp: 1723426080,
      token_amount: 12683233.827774,
      amount: 4.956199756,
      usdBalance: 686.2454282716025,
      sp: 1
    }
  ],
  REVUS: [
    {
      timestamp: 1723425600,
      token_amount: 19429113.760976,
      amount: 2.522115508,
      usdBalance: 349.21720716413967,
      sp: 1
    }
  ],
  P1SS: [
    {
      timestamp: 1723423200,
      token_amount: 8602804.553315,
      amount: 4.173596716,
      usdBalance: 577.8846307268116,
      sp: 1
    },
    {
      timestamp: 1723423140,
      token_amount: 8602804.553315,
      amount: 4.95,
      usdBalance: 685.3869975341713,
      sp: -1
    }
  ],
  SLC: [
    {
      timestamp: 1723418700,
      token_amount: 5697720.671105,
      amount: 7.873163407,
      usdBalance: 1090.1341067918456,
      sp: 1
    },
    {
      timestamp: 1723418640,
      token_amount: 5697720.671105,
      amount: 19.8,
      usdBalance: 2741.5479901366853,
      sp: -1
    }
  ],
  SPIRIT: [
    {
      timestamp: 1723356780,
      token_amount: 12052548.297483,
      amount: 10.36981771,
      usdBalance: 1435.825904087591,
      sp: 1
    }
  ],
  Milo: [
    {
      timestamp: 1723355880,
      token_amount: 7836950.155527,
      amount: 1.639431704,
      usdBalance: 226.99902490240206,
      sp: 1
    },
    {
      timestamp: 1723355580,
      token_amount: 7836950.155527,
      amount: 4.95,
      usdBalance: 685.3869975341713,
      sp: -1
    }
  ],
  Burns: [
    {
      timestamp: 1723352220,
      token_amount: 7520737.740706,
      amount: 4.95,
      usdBalance: 685.3869975341713,
      sp: -1
    }
  ],
  '$JJ': [
    {
      timestamp: 1723346100,
      token_amount: 124481796.274897,
      amount: 9.223961776,
      usdBalance: 1277.1683771762832,
      sp: 1
    },
    {
      timestamp: 1723346100,
      token_amount: 124481796.274897,
      amount: 4.95,
      usdBalance: 685.3869975341713,
      sp: -1
    }
  ],
  BOOP: [
    {
      timestamp: 1723326120,
      token_amount: 11848716.218911,
      amount: 8.109207249,
      usdBalance: 1122.8172138938278,
      sp: 1
    },
    {
      timestamp: 1723325400,
      token_amount: 4055671.726794,
      amount: 4.95,
      usdBalance: 685.3869975341713,
      sp: -1
    },
    {
      timestamp: 1723325160,
      token_amount: 4503311.427579,
      amount: 4.95,
      usdBalance: 685.3869975341713,
      sp: -1
    },
    {
      timestamp: 1723325160,
      token_amount: 3289733.064538,
      amount: 4.95,
      usdBalance: 685.3869975341713,
      sp: -1
    }
  ],
  CARLOS: [
    {
      timestamp: 1723324380,
      token_amount: 29091881.295577,
      amount: 9.768705073,
      usdBalance: 1352.5946342990499,
      sp: 1
    },
    {
      timestamp: 1723323660,
      token_amount: 15995047.405628,
      amount: 4.95,
      usdBalance: 685.3869975341713,
      sp: -1
    },
    {
      timestamp: 1723323540,
      token_amount: 13096833.889949,
      amount: 4.95,
      usdBalance: 685.3869975341713,
      sp: -1
    },
    {
      timestamp: 1723323420,
      token_amount: 10410915.715143,
      amount: 4.95,
      usdBalance: 685.3869975341713,
      sp: -1
    }
  ],
  ZOWIE: [
    {
      timestamp: 1723323060,
      token_amount: 3273646.911596,
      amount: 9.9,
      usdBalance: 1370.7739950683426,
      sp: -1
    }
  ],
  WELL: [
    {
      timestamp: 1723322760,
      token_amount: 24411487.970877,
      amount: 5.328740035,
      usdBalance: 737.8281077229868,
      sp: 1
    }
  ],
  TRENCH: [
    {
      timestamp: 1723321200,
      token_amount: 27796656.086372,
      amount: 1.949665354,
      usdBalance: 269.9546026615065,
      sp: 1
    },
    {
      timestamp: 1723320960,
      token_amount: 55593312.172744,
      amount: 4.95,
      usdBalance: 685.3869975341713,
      sp: -1
    }
  ],
  TRUST: [
    {
      timestamp: 1723318200,
      token_amount: 3498210.890435,
      amount: 21.864535865,
      usdBalance: 3027.4077957556674,
      sp: 1
    },
    {
      timestamp: 1723318140,
      token_amount: 902769.319677,
      amount: 5.869482903,
      usdBalance: 812.7004573667316,
      sp: 1
    },
    {
      timestamp: 1723318140,
      token_amount: 328251.679504,
      amount: 2.093531609,
      usdBalance: 289.8746148960389,
      sp: 1
    },
    {
      timestamp: 1723318140,
      token_amount: 278162.852428,
      amount: 1.79930891,
      usdBalance: 249.1359457497742,
      sp: 1
    },
    {
      timestamp: 1723317960,
      token_amount: 189782.337628,
      amount: 2.077272982,
      usdBalance: 287.623412564007,
      sp: 1
    },
    {
      timestamp: 1723317900,
      token_amount: 185996.701969,
      amount: 1.969501663,
      usdBalance: 272.7011780691166,
      sp: 1
    },
    {
      timestamp: 1723317900,
      token_amount: 175923.529869,
      amount: 1.831219071,
      usdBalance: 253.55429109090997,
      sp: 1
    },
    {
      timestamp: 1723317900,
      token_amount: 169947.717763,
      amount: 1.851296933,
      usdBalance: 256.33431241476563,
      sp: 1
    },
    {
      timestamp: 1723317000,
      token_amount: 216985.393567,
      amount: 1.860302218,
      usdBalance: 257.5812023638746,
      sp: 1
    },
    {
      timestamp: 1723317000,
      token_amount: 226771.201099,
      amount: 2.043884355,
      usdBalance: 283.0003558344477,
      sp: 1
    },
    {
      timestamp: 1723317000,
      token_amount: 253130.914599,
      amount: 2.118682776,
      usdBalance: 293.3570962767683,
      sp: 1
    },
    {
      timestamp: 1723316940,
      token_amount: 253902.104277,
      amount: 1.935461561,
      usdBalance: 267.9879167952708,
      sp: 1
    },
    {
      timestamp: 1723316940,
      token_amount: 307929.301312,
      amount: 2.20121897,
      usdBalance: 304.78522439667904,
      sp: 1
    },
    {
      timestamp: 1723316880,
      token_amount: 261533.4644,
      amount: 2.162876922,
      usdBalance: 299.47630699101614,
      sp: 1
    },
    {
      timestamp: 1723316880,
      token_amount: 227268.043907,
      amount: 1.658342514,
      usdBalance: 229.61745384923827,
      sp: 1
    },
    {
      timestamp: 1723316340,
      token_amount: 7476565.452434,
      amount: 9.9,
      usdBalance: 1370.7739950683426,
      sp: -1
    }
  ],
  DeApe: [
    {
      timestamp: 1723313700,
      token_amount: 25381063.809266,
      amount: 2.391854304,
      usdBalance: 331.18097776924145,
      sp: 1
    },
    {
      timestamp: 1723313220,
      token_amount: 25381063.809266,
      amount: 4.95,
      usdBalance: 685.3869975341713,
      sp: -1
    }
  ],
  FKH: [
    {
      timestamp: 1723313520,
      token_amount: 5516697.703515,
      amount: 14.54939078,
      usdBalance: 2014.5380328597078,
      sp: 1
    },
    {
      timestamp: 1723310940,
      token_amount: 2771351.172859,
      amount: 9.9,
      usdBalance: 1370.7739950683426,
      sp: -1
    },
    {
      timestamp: 1723310520,
      token_amount: 2745346.530656,
      amount: 9.9,
      usdBalance: 1370.7739950683426,
      sp: -1
    }
  ],
  LAIN: [
    {
      timestamp: 1723271640,
      token_amount: 8386262.487104,
      amount: 4.95,
      usdBalance: 685.3869975341713,
      sp: -1
    },
    {
      timestamp: 1723271580,
      token_amount: 6610899.274848,
      amount: 4.95,
      usdBalance: 685.3869975341713,
      sp: -1
    }
  ],
  RAPTOR: [
    {
      timestamp: 1723266420,
      token_amount: 1961181.487264,
      amount: 7.86611622,
      usdBalance: 1089.1583390465948,
      sp: 1
    },
    {
      timestamp: 1723266360,
      token_amount: 1961181.487264,
      amount: 4.95,
      usdBalance: 685.3869975341713,
      sp: -1
    }
  ],
  fly: [
    {
      timestamp: 1723245480,
      token_amount: 4831223.59544,
      amount: 3.173001916,
      usdBalance: 439.34025381361874,
      sp: 1
    },
    {
      timestamp: 1723245300,
      token_amount: 4831223.59544,
      amount: 4.95,
      usdBalance: 685.3869975341713,
      sp: -1
    }
  ],
  NINJA: [
    {
      timestamp: 1723240500,
      token_amount: 5079341.57255,
      amount: 11.548938585,
      usdBalance: 1599.089361915089,
      sp: 1
    },
    {
      timestamp: 1723240500,
      token_amount: 3200878.427786,
      amount: 19.8,
      usdBalance: 2741.5479901366853,
      sp: -1
    },
    {
      timestamp: 1723240440,
      token_amount: 813663.07442,
      amount: 19.8,
      usdBalance: 2741.5479901366853,
      sp: -1
    }
  ]
}
{
  '333': 458.7223035783943,
  'r/Limmy': 124.8224151130795,
  COLON: -853.4462791840103,
  '$MUD': -27.740849863000676,
  HORSE: 201.06783666757167,
  LFG: -685.3869975341713,
  Mystery: 773.4394805102203,
  Anna: 27.11925107178581,
  GEN: -451.29466180883594,
  Dewy: 22.64185860234727,
  ACO: 1148.6703200726586,
  'C:\\': -692.3100985193649,
  CHAPPY: -178.03475487470917,
  QUARK: -685.3869975341713,
  Gussy: -99.34261278555994,
  Ninja: -1370.7739950683426,
  Bruh: -685.3869975341713,
  BEET: -685.3869975341713,
  socky: 1166.3636114448627,
  hugi: 418.5531134883494,
  VAULT: -1122.7819118942082,
  PIZZA: 12472.677404589767,
  DWK: 459.4827495906502,
  AKELA: 11.915369459533622,
  KHABY: -689.1054215195646,
  'Pietà': -138.80327541302745,
  MOONSHOT: 2344.054080026887,
  IRIS: 3883.623273933611,
  CATHAT: 154.26858190312578,
  sleepu: 40.789175244881974,
  SOLAMI: -2.171498608857746,
  ZAZA: 1122.8680664244182,
  FFA: 61.302300340853435,
  MASA: 278.228341009911,
  tog: -78.79079326163719,
  WWNF: -1370.7739950683426,
  TRUMPONX: 1944.6083163347955,
  CRASH: 1393.414469604341,
  MFER: 774.4626109893171,
  PepeWifHat: 832.2838955699198,
  nub: -4112.321985205028,
  DUSK: -368.6593101222531,
  Shibatomo: 3119.1427200503085,
  ANDY: -2020.3713625649557,
  suicide: 686.2454282716025,
  REVUS: 349.21720716413967,
  P1SS: -107.50236680735975,
  SLC: -1651.4138833448396,
  SPIRIT: 1435.825904087591,
  Milo: -458.38797263176923,
  Burns: -685.3869975341713,
  '$JJ': 591.7813796421119,
  BOOP: -933.3437787086862,
  CARLOS: -257.4591300702744,
  ZOWIE: -1370.7739950683426,
  WELL: 737.8281077229868,
  TRENCH: -72.73889610557916,
  TRUST: 5022.416365686997,
  DeApe: -354.20601976492986,
  FKH: -727.0099572769773,
  LAIN: -1370.7739950683426,
  RAPTOR: 403.77134151242353,
  fly: -246.04674372055257,
  NINJA: -3884.0066183582812
}
Total Transaction: 182
Win Rate: 15.6% (10/64)
Total PnL: 14024.29$

Processing wallet (group 0): 2cVf1zBXH4caighEjQfcCMcBj9ugC9nCd7E1YPAboE8M
stdout: Processing wallet address: 2cVf1zBXH4caighEjQfcCMcBj9ugC9nCd7E1YPAboE8M
{}
{}
Total Transaction: 0
Win Rate: 0% (0/0)
Total PnL: 0.00$

Processing wallet (group 0): 8txPhFwqQrYJgVsP5WAdccprQLMfCy3ZY57gESKREgW1
stdout: Processing wallet address: 8txPhFwqQrYJgVsP5WAdccprQLMfCy3ZY57gESKREgW1
{}
{}
Total Transaction: 0
Win Rate: 0% (0/0)
Total PnL: 0.00$

Processing wallet (group 0): 2HWT2KLLdN2wxYTqdSuko5SBzg2SEJASgV4GE2tD7TML
stdout: Processing wallet address: 2HWT2KLLdN2wxYTqdSuko5SBzg2SEJASgV4GE2tD7TML
final.csv created and data added.
{
  'r/snoofi': [
    {
      timestamp: 1723935900,
      token_amount: 1404684.694632,
      amount: 16.157402621,
      usdBalance: 2237.1866000723107,
      sp: 1
    },
    {
      timestamp: 1723935720,
      token_amount: 1404684.694632,
      amount: 20,
      usdBalance: 2769.2403940774598,
      sp: -1
    }
  ],
  FRRNS: [
    {
      timestamp: 1723935180,
      token_amount: 10629006.139747,
      amount: 1.71883395,
      usdBalance: 237.99322025258584,
      sp: 1
    },
    {
      timestamp: 1723934100,
      token_amount: 10629006.139747,
      amount: 6,
      usdBalance: 830.7721182232378,
      sp: -1
    }
  ],
  mechelle: [
    {
      timestamp: 1723849080,
      token_amount: 30021535.065172,
      amount: 17.643332717,
      usdBalance: 2442.931482303241,
      sp: 1
    },
    {
      timestamp: 1723848900,
      token_amount: 10220460.769792,
      amount: 5,
      usdBalance: 692.3100985193649,
      sp: -1
    }
  ],
  SORRY: [
    {
      timestamp: 1723826160,
      token_amount: 34140468.54683,
      amount: 3.425,
      usdBalance: 474.2324174857649,
      sp: -1
    },
    {
      timestamp: 1723769460,
      token_amount: 83610287.021021,
      amount: 14.8,
      usdBalance: 2049.23789161732,
      sp: -1
    },
    {
      timestamp: 1723767120,
      token_amount: 31947232.067621,
      amount: 3.420845424,
      usdBalance: 473.6571665017917,
      sp: 1
    },
    {
      timestamp: 1723765620,
      token_amount: 31947232.067621,
      amount: 3,
      usdBalance: 415.3860591116189,
      sp: -1
    }
  ],
  LIZZY: [
    {
      timestamp: 1723795740,
      token_amount: 15288735.512094,
      amount: 15,
      usdBalance: 2076.9302955580947,
      sp: -1
    }
  ],
  Dewy: [
    {
      timestamp: 1723762260,
      token_amount: 24775381.134428,
      amount: 3.9,
      usdBalance: 540.0018768451047,
      sp: -1
    }
  ],
  HTML: [
    {
      timestamp: 1723757160,
      token_amount: 9053455.583566,
      amount: 7.783721622,
      usdBalance: 1077.7498165948261,
      sp: 1
    }
  ],
  Mpox: [
    {
      timestamp: 1723667700,
      token_amount: 22802400.397887,
      amount: 5,
      usdBalance: 692.3100985193649,
      sp: -1
    }
  ],
  BOBO: [
    {
      timestamp: 1723494720,
      token_amount: 469374430.554672,
      amount: 1,
      usdBalance: 138.46201970387298,
      sp: -1
    },
    {
      timestamp: 1723349100,
      token_amount: 1874980824.120849,
      amount: 5,
      usdBalance: 692.3100985193649,
      sp: -1
    }
  ],
  NIA: [
    {
      timestamp: 1723475700,
      token_amount: 160526.734596,
      amount: 3.323583226,
      usdBalance: 460.1900461258737,
      sp: 1
    },
    {
      timestamp: 1723401000,
      token_amount: 160526.734596,
      amount: 4,
      usdBalance: 553.8480788154919,
      sp: -1
    }
  ],
  SNIBBU: [
    {
      timestamp: 1723328700,
      token_amount: 625508245.064012,
      amount: 5.79,
      usdBalance: 801.6950940854246,
      sp: -1
    }
  ],
  DAVE: [
    {
      timestamp: 1723324740,
      token_amount: 5049132.67302,
      amount: 14.198821293,
      usdBalance: 1965.9974736431373,
      sp: 1
    },
    {
      timestamp: 1723324320,
      token_amount: 5049132.67302,
      amount: 18,
      usdBalance: 2492.3163546697137,
      sp: -1
    }
  ],
  ORACLE: [
    {
      timestamp: 1723246440,
      token_amount: 985793.258410571,
      amount: 10.494291433,
      usdBalance: 1453.0607871742316,
      sp: 1
    },
    {
      timestamp: 1723246020,
      token_amount: 746813.074553462,
      amount: 7.320389362,
      usdBalance: 1013.5958960812662,
      sp: 1
    },
    {
      timestamp: 1723245960,
      token_amount: 607871.107194679,
      amount: 6.362919726,
      usdBalance: 881.0227164755742,
      sp: 1
    },
    {
      timestamp: 1723245840,
      token_amount: 560973.705421446,
      amount: 5.673610151,
      usdBalance: 785.5795205198558,
      sp: 1
    },
    {
      timestamp: 1723237740,
      token_amount: 5609737.05421446,
      amount: 20,
      usdBalance: 2769.2403940774598,
      sp: -1
    }
  ]
}
{
  'r/snoofi': -532.053794005149,
  FRRNS: -592.778897970652,
  mechelle: 1750.621383783876,
  SORRY: 58.2711073901728,
  LIZZY: -2076.9302955580947,
  Dewy: -540.0018768451047,
  HTML: 1077.7498165948261,
  Mpox: -692.3100985193649,
  BOBO: -830.772118223238,
  NIA: -93.65803268961821,
  SNIBBU: -801.6950940854246,
  DAVE: -526.3188810265765,
  ORACLE: 2318.22955855599
}
Total Transaction: 26
Win Rate: 7.7% (1/13)
Total PnL: -1481.65$

Processing wallet (group 0): CuLBjzB6kPF9VrFbYfKw5kG4GDwWaQHWtESBHuAPFsn2
stdout: Processing wallet address: CuLBjzB6kPF9VrFbYfKw5kG4GDwWaQHWtESBHuAPFsn2

Processing wallet (group 0): 3QBSsCZqjr4go65oMSaXaRZVqvRMmwgHhfAdhQaGsirF
stdout: Processing wallet address: 3QBSsCZqjr4go65oMSaXaRZVqvRMmwgHhfAdhQaGsirF

Processing wallet (group 0): AW8QqP1GZ8AkTG9NGjLpSBjvCgdwiabAaJhEwhbgn19C
stdout: Processing wallet address: AW8QqP1GZ8AkTG9NGjLpSBjvCgdwiabAaJhEwhbgn19C

Processing wallet (group 0): FyZhiMyfpKeUj4acraybVwMHr6Cga19fYeWpceEocykq
stdout: Processing wallet address: FyZhiMyfpKeUj4acraybVwMHr6Cga19fYeWpceEocykq

Processing wallet (group 0): AgVTPaga6QbCXYHUTNdjfzdbeoK5BKAuk6vJLofrNTBZ
stdout: Processing wallet address: AgVTPaga6QbCXYHUTNdjfzdbeoK5BKAuk6vJLofrNTBZ

Processing completed for group 0.

